{"episode_reward": 0.0, "episode": 1.0, "duration": 1012.4876801967621, "step": 250}
{"episode_reward": 34.0, "episode": 2.0, "duration": 1.7058370113372803, "step": 500}
{"episode_reward": 73.0, "episode": 3.0, "duration": 1.6639668941497803, "step": 750}
{"episode_reward": 41.0, "episode": 4.0, "duration": 1.6583423614501953, "step": 1000}
{"episode_reward": 18.0, "episode": 5.0, "critic_loss": 3.637734986143746, "jigsaw_loss": -0.25014612081052784, "actor_loss": -1.783595958691475, "alpha_loss": 0.27142181464228976, "alpha_value": 0.09484434119424129, "duration": 301.24343490600586, "step": 1250}
{"episode_reward": 25.0, "episode": 6.0, "critic_loss": 5.960397636413574, "jigsaw_loss": -0.25017839348316195, "actor_loss": -4.7297561073303225, "alpha_loss": 0.15109681981801987, "alpha_value": 0.09014441118940067, "duration": 61.00942277908325, "step": 1500}
{"episode_reward": 130.0, "episode": 7.0, "critic_loss": 6.989186534881592, "jigsaw_loss": -0.24941146582365037, "actor_loss": -6.123422794342041, "alpha_loss": 0.11088545452058315, "alpha_value": 0.08957618570599539, "duration": 61.05835032463074, "step": 1750}
{"episode_reward": 0.0, "episode": 8.0, "critic_loss": 5.6521628074646, "jigsaw_loss": -0.24985091865062714, "actor_loss": -7.43538387298584, "alpha_loss": 0.12153113681077957, "alpha_value": 0.08902067090689073, "duration": 60.469799518585205, "step": 2000}
{"episode_reward": 0.0, "episode": 9.0, "critic_loss": 5.7487626571655275, "jigsaw_loss": -0.2505410231947899, "actor_loss": -8.360786556243896, "alpha_loss": 0.1408982726931572, "alpha_value": 0.08836677696741797, "duration": 61.965086936950684, "step": 2250}
{"episode_reward": 0.0, "episode": 10.0, "critic_loss": 7.557370850563049, "jigsaw_loss": -0.25040625780820847, "actor_loss": -10.597907943725586, "alpha_loss": 0.131089249253273, "alpha_value": 0.08762849632989388, "duration": 60.58684706687927, "step": 2500}
{"episode_reward": 0.0, "episode": 11.0, "critic_loss": 7.021317321777344, "jigsaw_loss": -0.25046875739097596, "actor_loss": -14.435229179382324, "alpha_loss": 0.11108078271150588, "alpha_value": 0.08696657961581569, "duration": 60.8677921295166, "step": 2750}
{"episode_reward": 540.0, "episode": 12.0, "critic_loss": 8.282947653770448, "jigsaw_loss": -0.25023047614097593, "actor_loss": -16.931883209228516, "alpha_loss": 0.09228489020466804, "alpha_value": 0.08640247397347696, "duration": 60.74889516830444, "step": 3000}
{"episode_reward": 14.0, "episode": 13.0, "critic_loss": 10.70187900352478, "jigsaw_loss": -0.24976823735237122, "actor_loss": -18.685553886413576, "alpha_loss": 0.07856836852431297, "alpha_value": 0.08588216732727305, "duration": 61.009459018707275, "step": 3250}
{"episode_reward": 4.0, "episode": 14.0, "critic_loss": 12.370853847503662, "jigsaw_loss": -0.24968880939483643, "actor_loss": -21.34825848388672, "alpha_loss": 0.04399796040914953, "alpha_value": 0.08548667860219057, "duration": 60.541391372680664, "step": 3500}
{"episode_reward": 3.0, "episode": 15.0, "critic_loss": 12.098414022445679, "jigsaw_loss": -0.24989258551597596, "actor_loss": -23.635375915527344, "alpha_loss": 0.019065950198099018, "alpha_value": 0.08528818449660425, "duration": 60.247320890426636, "step": 3750}
{"episode_reward": 0.0, "episode": 16.0, "critic_loss": 17.526179553985596, "jigsaw_loss": -0.24918750751018523, "actor_loss": -27.729542785644533, "alpha_loss": -0.015781646627932785, "alpha_value": 0.08525944089463021, "duration": 60.99912762641907, "step": 4000}
{"episode_reward": 796.0, "episode": 17.0, "critic_loss": 18.883147594451906, "jigsaw_loss": -0.2501158925294876, "actor_loss": -32.025558044433595, "alpha_loss": -0.02229550740495324, "alpha_value": 0.0854219548182005, "duration": 60.611724853515625, "step": 4250}
{"episode_reward": 0.0, "episode": 18.0, "critic_loss": 20.444450286865234, "jigsaw_loss": -0.2501836014389992, "actor_loss": -34.110082763671876, "alpha_loss": -0.02737457087263465, "alpha_value": 0.08563024751795885, "duration": 61.00802803039551, "step": 4500}
{"episode_reward": 12.0, "episode": 19.0, "critic_loss": 20.160072216033935, "jigsaw_loss": -0.24991341960430144, "actor_loss": -36.45929719543457, "alpha_loss": -0.024111324226483703, "alpha_value": 0.08587199333568761, "duration": 60.317782402038574, "step": 4750}
{"episode_reward": 10.0, "episode": 20.0, "critic_loss": 20.2041143989563, "jigsaw_loss": -0.2500898514389992, "actor_loss": -38.4923938293457, "alpha_loss": -0.008815993228927255, "alpha_value": 0.086014100082588, "duration": 60.61294674873352, "step": 5000}
{"episode_reward": 119.0, "episode": 21.0, "critic_loss": 17.094653663635253, "jigsaw_loss": -0.2500924554467201, "actor_loss": -40.349583221435545, "alpha_loss": 0.007952673106454313, "alpha_value": 0.08601803412542137, "duration": 60.99483680725098, "step": 5250}
{"episode_reward": 0.0, "episode": 22.0, "critic_loss": 15.742108345031738, "jigsaw_loss": -0.2506093820333481, "actor_loss": -42.39667886352539, "alpha_loss": 0.006915482353419065, "alpha_value": 0.08593287584439485, "duration": 60.99527931213379, "step": 5500}
{"episode_reward": 111.0, "episode": 23.0, "critic_loss": 15.762276615142822, "jigsaw_loss": -0.24982422655820846, "actor_loss": -45.78596209716797, "alpha_loss": 0.005559561915695667, "alpha_value": 0.08586030378462213, "duration": 61.01699876785278, "step": 5750}
{"episode_reward": 0.0, "episode": 24.0, "critic_loss": 18.671867568969727, "jigsaw_loss": -0.250255867600441, "actor_loss": -47.766584869384765, "alpha_loss": 0.013980737697333098, "alpha_value": 0.0857472092960894, "duration": 60.375465631484985, "step": 6000}
{"episode_reward": 0.0, "episode": 25.0, "critic_loss": 18.72453857421875, "jigsaw_loss": -0.24972982412576675, "actor_loss": -50.04911120605469, "alpha_loss": 0.003088653413578868, "alpha_value": 0.08562673492405883, "duration": 60.53863072395325, "step": 6250}
{"episode_reward": 838.0, "episode": 26.0, "critic_loss": 17.926028545379637, "jigsaw_loss": -0.24981120586395264, "actor_loss": -52.94692446899414, "alpha_loss": 0.005075104624964297, "alpha_value": 0.08557549387440297, "duration": 60.92187285423279, "step": 6500}
{"episode_reward": 0.0, "episode": 27.0, "critic_loss": 17.506353122711182, "jigsaw_loss": -0.2498645907640457, "actor_loss": -54.809175994873044, "alpha_loss": 0.00492780577018857, "alpha_value": 0.08551425991920865, "duration": 61.34252405166626, "step": 6750}
{"episode_reward": 967.0, "episode": 28.0, "critic_loss": 25.012875495910645, "jigsaw_loss": -0.25054492890834806, "actor_loss": -58.080323303222656, "alpha_loss": -0.0010729173142462968, "alpha_value": 0.08547486359455911, "duration": 61.216715812683105, "step": 7000}
{"episode_reward": 4.0, "episode": 29.0, "critic_loss": 26.44045991897583, "jigsaw_loss": -0.2504108144044876, "actor_loss": -61.17222305297852, "alpha_loss": -0.00802293205820024, "alpha_value": 0.08553932167086699, "duration": 60.748034715652466, "step": 7250}
{"episode_reward": 0.0, "episode": 30.0, "critic_loss": 24.208669887542726, "jigsaw_loss": -0.24953906941413878, "actor_loss": -64.5160115661621, "alpha_loss": -0.0065715424343943596, "alpha_value": 0.08567190533354045, "duration": 60.53061270713806, "step": 7500}
{"episode_reward": 0.0, "episode": 31.0, "critic_loss": 22.60229578781128, "jigsaw_loss": -0.250258470416069, "actor_loss": -67.27161868286133, "alpha_loss": -0.01340034618601203, "alpha_value": 0.0858678831041215, "duration": 60.752758502960205, "step": 7750}
{"episode_reward": 694.0, "episode": 32.0, "critic_loss": 22.733096557617188, "jigsaw_loss": -0.25020052790641784, "actor_loss": -69.55787963867188, "alpha_loss": -0.011220445950515568, "alpha_value": 0.08607818217209794, "duration": 60.1841254234314, "step": 8000}
{"episode_reward": 0.0, "episode": 33.0, "critic_loss": 23.679704280853272, "jigsaw_loss": -0.25012891376018526, "actor_loss": -71.12437719726563, "alpha_loss": -0.020729122608900072, "alpha_value": 0.08640059131506364, "duration": 61.11790728569031, "step": 8250}
{"episode_reward": 51.0, "episode": 34.0, "critic_loss": 19.474139980316163, "jigsaw_loss": -0.24999870473146438, "actor_loss": -73.04416564941407, "alpha_loss": -0.028311840759590267, "alpha_value": 0.08695658317869487, "duration": 62.9047327041626, "step": 8500}
{"episode_reward": 972.0, "episode": 35.0, "critic_loss": 18.488678176879883, "jigsaw_loss": -0.25017644035816194, "actor_loss": -75.30893701171875, "alpha_loss": -0.030623754153959452, "alpha_value": 0.08757839960435992, "duration": 60.63091039657593, "step": 8750}
{"episode_reward": 0.0, "episode": 36.0, "critic_loss": 23.136252639770507, "jigsaw_loss": -0.24977995508909226, "actor_loss": -76.64975903320313, "alpha_loss": -0.03770842920057475, "alpha_value": 0.08837173225062583, "duration": 61.218745946884155, "step": 9000}
{"episode_reward": 42.0, "episode": 37.0, "critic_loss": 25.644355411529542, "jigsaw_loss": -0.25016276800632475, "actor_loss": -79.07411083984375, "alpha_loss": -0.03490875945240259, "alpha_value": 0.08925183288045824, "duration": 61.186991930007935, "step": 9250}
{"episode_reward": 58.0, "episode": 38.0, "critic_loss": 24.93436287689209, "jigsaw_loss": -0.24958594489097596, "actor_loss": -82.17679901123047, "alpha_loss": -0.04539757883362472, "alpha_value": 0.09021591843283809, "duration": 60.963054895401, "step": 9500}
{"episode_reward": 0.0, "episode": 39.0, "critic_loss": 25.89020417022705, "jigsaw_loss": -0.2500449287891388, "actor_loss": -83.49709979248047, "alpha_loss": -0.06058333942294121, "alpha_value": 0.09148305472878705, "duration": 60.668816566467285, "step": 9750}
{"episode_reward": 681.0, "episode": 40.0, "critic_loss": 23.694678592681885, "jigsaw_loss": -0.2493990952372551, "actor_loss": -85.3336102294922, "alpha_loss": -0.06277545344829559, "alpha_value": 0.09296293031940855, "duration": 60.36590838432312, "step": 10000}
{"episode_reward": 0.0, "episode": 41.0, "critic_loss": 23.06150370025635, "jigsaw_loss": -0.2510149820446968, "actor_loss": -86.60917810058594, "alpha_loss": -0.061264363542199135, "alpha_value": 0.09440653927749393, "duration": 1069.8738136291504, "step": 10250}
{"episode_reward": 182.0, "episode": 42.0, "critic_loss": 24.712258308410643, "jigsaw_loss": -0.2506608154177666, "actor_loss": -88.33923950195313, "alpha_loss": -0.062494369886815546, "alpha_value": 0.09577650936888121, "duration": 61.18124294281006, "step": 10500}
{"episode_reward": 103.0, "episode": 43.0, "critic_loss": 22.540277080535887, "jigsaw_loss": -0.24994727325439453, "actor_loss": -88.73627770996094, "alpha_loss": -0.05626844538748264, "alpha_value": 0.0971577905162334, "duration": 60.915143966674805, "step": 10750}
{"episode_reward": 10.0, "episode": 44.0, "critic_loss": 23.066780269622804, "jigsaw_loss": -0.24974935668706894, "actor_loss": -90.79054266357421, "alpha_loss": -0.042280112635344265, "alpha_value": 0.0982546179591296, "duration": 61.299413442611694, "step": 11000}
{"episode_reward": 10.0, "episode": 45.0, "critic_loss": 35.05937732696533, "jigsaw_loss": -0.25028060656785966, "actor_loss": -92.31248846435547, "alpha_loss": -0.02955747484602034, "alpha_value": 0.09906999179961828, "duration": 60.97864031791687, "step": 11250}
{"episode_reward": 25.0, "episode": 46.0, "critic_loss": 25.328080463409425, "jigsaw_loss": -0.2499140698313713, "actor_loss": -92.92765344238282, "alpha_loss": -0.01446801597252488, "alpha_value": 0.09961957487798473, "duration": 60.56141209602356, "step": 11500}
{"episode_reward": 302.0, "episode": 47.0, "critic_loss": 20.839406105041505, "jigsaw_loss": -0.25033594501018525, "actor_loss": -93.31333868408203, "alpha_loss": 0.0033995619053021073, "alpha_value": 0.09972054977943658, "duration": 61.253490686416626, "step": 11750}
{"episode_reward": 0.0, "episode": 48.0, "critic_loss": 27.127421375274658, "jigsaw_loss": -0.24981836700439453, "actor_loss": -93.674724609375, "alpha_loss": 0.009238595532253384, "alpha_value": 0.09957499713330185, "duration": 60.93121027946472, "step": 12000}
{"episode_reward": 129.0, "episode": 49.0, "critic_loss": 55.70019791793823, "jigsaw_loss": -0.24886198633909226, "actor_loss": -94.7517543334961, "alpha_loss": 0.009865730043500661, "alpha_value": 0.09929714042705845, "duration": 61.01268029212952, "step": 12250}
{"episode_reward": 78.0, "episode": 50.0, "critic_loss": 26.844963516235353, "jigsaw_loss": -0.2500123771429062, "actor_loss": -97.90252978515625, "alpha_loss": 0.010516977109014988, "alpha_value": 0.09900329817419015, "duration": 61.38408946990967, "step": 12500}
{"episode_reward": 981.0, "episode": 51.0, "critic_loss": 29.10911576461792, "jigsaw_loss": -0.24998438203334808, "actor_loss": -99.9415093383789, "alpha_loss": 0.015017597092315555, "alpha_value": 0.098615969846776, "duration": 61.28771209716797, "step": 12750}
{"episode_reward": 172.0, "episode": 52.0, "critic_loss": 31.674738731384277, "jigsaw_loss": -0.24992123121023177, "actor_loss": -101.18298602294922, "alpha_loss": 0.009645279243588448, "alpha_value": 0.09820716150058292, "duration": 63.90980863571167, "step": 13000}
{"episode_reward": 49.0, "episode": 53.0, "critic_loss": 27.83709521102905, "jigsaw_loss": -0.24976628309488297, "actor_loss": -101.32792791748047, "alpha_loss": 0.015175638649612666, "alpha_value": 0.09779626861608666, "duration": 61.49354910850525, "step": 13250}
{"episode_reward": 0.0, "episode": 54.0, "critic_loss": 26.264762393951415, "jigsaw_loss": -0.2502617269158363, "actor_loss": -101.23918676757812, "alpha_loss": 0.00921644393261522, "alpha_value": 0.09740678250539714, "duration": 60.697293519973755, "step": 13500}
{"episode_reward": 0.0, "episode": 55.0, "critic_loss": 27.064601764678955, "jigsaw_loss": -0.24952214229106903, "actor_loss": -101.22887133789062, "alpha_loss": 0.009122208792716264, "alpha_value": 0.09711243299344294, "duration": 61.36336278915405, "step": 13750}
{"episode_reward": 74.0, "episode": 56.0, "critic_loss": 31.055041481018065, "jigsaw_loss": -0.2500533936023712, "actor_loss": -101.46642114257813, "alpha_loss": 0.004500171547755599, "alpha_value": 0.09683348833981208, "duration": 62.3533501625061, "step": 14000}
{"episode_reward": 93.0, "episode": 57.0, "critic_loss": 46.686693084716794, "jigsaw_loss": -0.24961784613132476, "actor_loss": -102.91737396240234, "alpha_loss": 0.011186686025001108, "alpha_value": 0.09656794191595987, "duration": 61.213412284851074, "step": 14250}
{"episode_reward": 817.0, "episode": 58.0, "critic_loss": 52.097206550598145, "jigsaw_loss": -0.2504166743159294, "actor_loss": -104.99585028076172, "alpha_loss": 0.008918183194473385, "alpha_value": 0.0960794170212847, "duration": 61.42222785949707, "step": 14500}
{"episode_reward": 149.0, "episode": 59.0, "critic_loss": 57.08881092834473, "jigsaw_loss": -0.24927930516004562, "actor_loss": -106.81731970214844, "alpha_loss": 0.00535503541957587, "alpha_value": 0.09586911854298855, "duration": 60.69992184638977, "step": 14750}
{"episode_reward": 471.0, "episode": 60.0, "critic_loss": 49.019170707702635, "jigsaw_loss": -0.249288419008255, "actor_loss": -107.61281512451171, "alpha_loss": 0.007248573978431523, "alpha_value": 0.09556358979024851, "duration": 60.99540042877197, "step": 15000}
{"episode_reward": 126.0, "episode": 61.0, "critic_loss": 44.34022273254394, "jigsaw_loss": -0.2494322990179062, "actor_loss": -110.10366119384766, "alpha_loss": -0.003283359907567501, "alpha_value": 0.09549836625158405, "duration": 60.83893156051636, "step": 15250}
{"episode_reward": 0.0, "episode": 62.0, "critic_loss": 43.36182301330567, "jigsaw_loss": -0.25024219501018524, "actor_loss": -110.88321868896485, "alpha_loss": -0.00687236969359219, "alpha_value": 0.09577376449251601, "duration": 61.15977096557617, "step": 15500}
{"episode_reward": 36.0, "episode": 63.0, "critic_loss": 44.81292839050293, "jigsaw_loss": -0.24987045067548752, "actor_loss": -112.64221557617188, "alpha_loss": -0.007033366085961461, "alpha_value": 0.09608292990722551, "duration": 60.976460218429565, "step": 15750}
{"episode_reward": 397.0, "episode": 64.0, "critic_loss": 43.93369493865967, "jigsaw_loss": -0.25032031917572023, "actor_loss": -113.6465922241211, "alpha_loss": -0.0073164434134960175, "alpha_value": 0.09640185672347702, "duration": 61.165438175201416, "step": 16000}
{"episode_reward": 28.0, "episode": 65.0, "critic_loss": 49.30113729858398, "jigsaw_loss": -0.25058789759874345, "actor_loss": -115.20933929443359, "alpha_loss": -0.009730986513197423, "alpha_value": 0.096769496536153, "duration": 61.502196311950684, "step": 16250}
{"episode_reward": 0.0, "episode": 66.0, "critic_loss": 49.58732596588135, "jigsaw_loss": -0.2496809972524643, "actor_loss": -116.94656494140625, "alpha_loss": -0.005858883550390601, "alpha_value": 0.09720997778859394, "duration": 61.3138747215271, "step": 16500}
{"episode_reward": 25.0, "episode": 67.0, "critic_loss": 54.338369453430175, "jigsaw_loss": -0.25099024176597595, "actor_loss": -118.37301007080079, "alpha_loss": -0.002759950550273061, "alpha_value": 0.09733682963402586, "duration": 60.74720072746277, "step": 16750}
{"episode_reward": 962.0, "episode": 68.0, "critic_loss": 61.78463507080078, "jigsaw_loss": -0.25025521582365035, "actor_loss": -121.1645244140625, "alpha_loss": -0.010528909586369992, "alpha_value": 0.09771625209987568, "duration": 61.05327653884888, "step": 17000}
{"episode_reward": 0.0, "episode": 69.0, "critic_loss": 58.48936896514893, "jigsaw_loss": -0.2501653718352318, "actor_loss": -123.01544451904297, "alpha_loss": -0.007065461042337119, "alpha_value": 0.09830617872983229, "duration": 62.7742702960968, "step": 17250}
{"episode_reward": 16.0, "episode": 70.0, "critic_loss": 54.45076871490478, "jigsaw_loss": -0.25020768958330153, "actor_loss": -124.01443908691407, "alpha_loss": 0.003059304475784302, "alpha_value": 0.09833184485741893, "duration": 62.72284555435181, "step": 17500}
{"episode_reward": 835.0, "episode": 71.0, "critic_loss": 53.21029216003418, "jigsaw_loss": -0.24964844459295274, "actor_loss": -125.99000720214843, "alpha_loss": -0.0033228938654065133, "alpha_value": 0.09832701522048046, "duration": 64.14251208305359, "step": 17750}
{"episode_reward": 651.0, "episode": 72.0, "critic_loss": 79.55957236480712, "jigsaw_loss": -0.2493424551486969, "actor_loss": -127.78073010253907, "alpha_loss": -0.000726914906874299, "alpha_value": 0.09842047140750278, "duration": 63.44438028335571, "step": 18000}
{"episode_reward": 303.0, "episode": 73.0, "critic_loss": 77.98613618469238, "jigsaw_loss": -0.25037435692548754, "actor_loss": -130.79630322265626, "alpha_loss": 0.0017475948790088296, "alpha_value": 0.09848842678145969, "duration": 62.63382148742676, "step": 18250}
{"episode_reward": 150.0, "episode": 74.0, "critic_loss": 70.01927379608155, "jigsaw_loss": -0.25021615290641785, "actor_loss": -132.27696826171876, "alpha_loss": 0.004186543092131615, "alpha_value": 0.09828931700106525, "duration": 62.837120056152344, "step": 18500}
{"episode_reward": 148.0, "episode": 75.0, "critic_loss": 63.88400172424316, "jigsaw_loss": -0.24934375828504562, "actor_loss": -134.00198767089844, "alpha_loss": -0.0019458959437906743, "alpha_value": 0.09817929932830849, "duration": 61.41966533660889, "step": 18750}
{"episode_reward": 603.0, "episode": 76.0, "critic_loss": 59.89965803527832, "jigsaw_loss": -0.2502630281448364, "actor_loss": -135.8098960571289, "alpha_loss": -0.001724535893648863, "alpha_value": 0.09819281759297192, "duration": 61.351585388183594, "step": 19000}
{"episode_reward": 0.0, "episode": 77.0, "critic_loss": 54.61865034484863, "jigsaw_loss": -0.24944141346216203, "actor_loss": -136.1894038696289, "alpha_loss": -0.001084454129450023, "alpha_value": 0.09839340294301466, "duration": 61.452070474624634, "step": 19250}
{"episode_reward": 699.0, "episode": 78.0, "critic_loss": 51.599254508972166, "jigsaw_loss": -0.24944141453504562, "actor_loss": -137.41039508056642, "alpha_loss": -0.004257198018953204, "alpha_value": 0.09853424017141618, "duration": 60.89201545715332, "step": 19500}
{"episode_reward": 0.0, "episode": 79.0, "critic_loss": 51.7921541595459, "jigsaw_loss": -0.249476569712162, "actor_loss": -136.8064965209961, "alpha_loss": 0.001568667771294713, "alpha_value": 0.09856772841789599, "duration": 61.49612259864807, "step": 19750}
{"episode_reward": 10.0, "episode": 80.0, "critic_loss": 49.885488960266116, "jigsaw_loss": -0.24980664783716203, "actor_loss": -138.15625323486327, "alpha_loss": 0.007307646841742098, "alpha_value": 0.09832835100261053, "duration": 61.22379493713379, "step": 20000}
{"episode_reward": 965.0, "episode": 81.0, "critic_loss": 54.91857395172119, "jigsaw_loss": -0.24988086634874343, "actor_loss": -138.82523620605468, "alpha_loss": 0.0017796752527356149, "alpha_value": 0.09802926215828425, "duration": 1073.1692175865173, "step": 20250}
{"episode_reward": 71.0, "episode": 82.0, "critic_loss": 79.70530706787109, "jigsaw_loss": -0.24989030718803407, "actor_loss": -140.39157232666017, "alpha_loss": 0.013715540867298842, "alpha_value": 0.0977071409095698, "duration": 61.20902395248413, "step": 20500}
{"episode_reward": 156.0, "episode": 83.0, "critic_loss": 55.02314945983887, "jigsaw_loss": -0.24905925178527832, "actor_loss": -140.19484912109374, "alpha_loss": 0.0016179190836846829, "alpha_value": 0.09711472704908553, "duration": 61.16647481918335, "step": 20750}
{"episode_reward": 795.0, "episode": 84.0, "critic_loss": 95.68531726074218, "jigsaw_loss": -0.25028451257944107, "actor_loss": -140.74764337158203, "alpha_loss": -0.005275005245581269, "alpha_value": 0.09702005027523553, "duration": 61.14365792274475, "step": 21000}
{"episode_reward": 30.0, "episode": 85.0, "critic_loss": 81.02213632965088, "jigsaw_loss": -0.24987565845251083, "actor_loss": -142.26355377197265, "alpha_loss": -0.0040264296643435955, "alpha_value": 0.09755504638619446, "duration": 61.75839686393738, "step": 21250}
{"episode_reward": 506.0, "episode": 86.0, "critic_loss": 76.96795358276367, "jigsaw_loss": -0.2494306715130806, "actor_loss": -144.8407889404297, "alpha_loss": -0.005045509425923228, "alpha_value": 0.09774256426480032, "duration": 61.01375985145569, "step": 21500}
{"episode_reward": 13.0, "episode": 87.0, "critic_loss": 69.43116366577148, "jigsaw_loss": -0.2499739654660225, "actor_loss": -145.53469201660155, "alpha_loss": -0.00012459363229572773, "alpha_value": 0.09798945425363802, "duration": 61.09982776641846, "step": 21750}
{"episode_reward": 296.0, "episode": 88.0, "critic_loss": 68.80222385406495, "jigsaw_loss": -0.25029427868127824, "actor_loss": -146.10772888183592, "alpha_loss": 0.0029838895089924337, "alpha_value": 0.09795850772070672, "duration": 61.296430349349976, "step": 22000}
{"episode_reward": 72.0, "episode": 89.0, "critic_loss": 73.93465315246581, "jigsaw_loss": -0.2498229234814644, "actor_loss": -146.29053405761718, "alpha_loss": 0.004869733829051256, "alpha_value": 0.09759007658567656, "duration": 61.365516662597656, "step": 22250}
{"episode_reward": 104.0, "episode": 90.0, "critic_loss": 77.95951473999024, "jigsaw_loss": -0.2502037836313248, "actor_loss": -148.11403918457032, "alpha_loss": 0.001123947810381651, "alpha_value": 0.09735419325166121, "duration": 60.976351737976074, "step": 22500}
{"episode_reward": 78.0, "episode": 91.0, "critic_loss": 67.81715226745605, "jigsaw_loss": -0.2503082756996155, "actor_loss": -149.0754893798828, "alpha_loss": 0.003896706006489694, "alpha_value": 0.09734685765890298, "duration": 60.77389216423035, "step": 22750}
{"episode_reward": 866.0, "episode": 92.0, "critic_loss": 66.75284345245362, "jigsaw_loss": -0.25000749468803407, "actor_loss": -151.88935522460937, "alpha_loss": 0.003629458835348487, "alpha_value": 0.09701174221225187, "duration": 60.50726890563965, "step": 23000}
{"episode_reward": 964.0, "episode": 93.0, "critic_loss": 59.051380523681644, "jigsaw_loss": -0.25105729949474337, "actor_loss": -154.3338065185547, "alpha_loss": -0.00029949937015771866, "alpha_value": 0.09698759814440613, "duration": 60.96984267234802, "step": 23250}
{"episode_reward": 970.0, "episode": 94.0, "critic_loss": 55.49133506774902, "jigsaw_loss": -0.250142585337162, "actor_loss": -155.95816088867187, "alpha_loss": 0.006840485563501716, "alpha_value": 0.0966499702441489, "duration": 60.96192979812622, "step": 23500}
{"episode_reward": 190.0, "episode": 95.0, "critic_loss": 60.80711253356934, "jigsaw_loss": -0.24979134833812713, "actor_loss": -156.00549755859376, "alpha_loss": -0.004192261569201946, "alpha_value": 0.0965825981062818, "duration": 60.843621253967285, "step": 23750}
{"episode_reward": 946.0, "episode": 96.0, "critic_loss": 62.943185844421386, "jigsaw_loss": -0.2502096427679062, "actor_loss": -158.25573657226562, "alpha_loss": -0.012292984386906028, "alpha_value": 0.09724986392290676, "duration": 61.37911033630371, "step": 24000}
{"episode_reward": 32.0, "episode": 97.0, "critic_loss": 67.02762270355224, "jigsaw_loss": -0.24942513781785966, "actor_loss": -157.54910693359375, "alpha_loss": 0.0005570183536037803, "alpha_value": 0.09749866277051206, "duration": 60.94827198982239, "step": 24250}
{"episode_reward": 42.0, "episode": 98.0, "critic_loss": 58.5636300201416, "jigsaw_loss": -0.25006218153238297, "actor_loss": -160.06355993652343, "alpha_loss": -0.0021272268649190663, "alpha_value": 0.09752722300538744, "duration": 61.12831664085388, "step": 24500}
{"episode_reward": 993.0, "episode": 99.0, "critic_loss": 84.95724642944336, "jigsaw_loss": -0.25043229913711545, "actor_loss": -160.62466052246094, "alpha_loss": -0.0015866262018680573, "alpha_value": 0.09765175266330123, "duration": 60.9206657409668, "step": 24750}
{"episode_reward": 134.0, "episode": 100.0, "critic_loss": 73.33613478088378, "jigsaw_loss": -0.2506240311861038, "actor_loss": -161.9432238769531, "alpha_loss": -0.010416018625721335, "alpha_value": 0.09808177878432686, "duration": 61.28347444534302, "step": 25000}
{"episode_reward": 17.0, "episode": 101.0, "critic_loss": 61.81616042327881, "jigsaw_loss": -0.2497073633670807, "actor_loss": -160.79580895996094, "alpha_loss": 0.009027044028043748, "alpha_value": 0.09824845169124788, "duration": 61.383803844451904, "step": 25250}
{"episode_reward": 393.0, "episode": 102.0, "critic_loss": 54.548213706970216, "jigsaw_loss": -0.24985808151960373, "actor_loss": -159.33135815429688, "alpha_loss": 0.002398552185855806, "alpha_value": 0.09768461290199726, "duration": 61.288325786590576, "step": 25500}
{"episode_reward": 985.0, "episode": 103.0, "critic_loss": 56.82457484436035, "jigsaw_loss": -0.250044928252697, "actor_loss": -159.79880249023438, "alpha_loss": 0.015006870513781904, "alpha_value": 0.09724449324618335, "duration": 60.876487731933594, "step": 25750}
{"episode_reward": 0.0, "episode": 104.0, "critic_loss": 69.831361328125, "jigsaw_loss": -0.2499163488149643, "actor_loss": -160.7506396484375, "alpha_loss": 0.013888145457953215, "alpha_value": 0.09629785472701884, "duration": 61.17049837112427, "step": 26000}
{"episode_reward": 883.0, "episode": 105.0, "critic_loss": 58.86926564025879, "jigsaw_loss": -0.24970248138904572, "actor_loss": -162.3797978515625, "alpha_loss": 0.008487229676917195, "alpha_value": 0.09560950158793324, "duration": 61.020687103271484, "step": 26250}
{"episode_reward": 386.0, "episode": 106.0, "critic_loss": 48.80575040435791, "jigsaw_loss": -0.2500286531448364, "actor_loss": -161.61473803710936, "alpha_loss": 0.0039866491351276635, "alpha_value": 0.09527109169894148, "duration": 61.543092012405396, "step": 26500}
{"episode_reward": 44.0, "episode": 107.0, "critic_loss": 68.42558828735352, "jigsaw_loss": -0.2500732500553131, "actor_loss": -160.34376708984374, "alpha_loss": 0.0017163828341290354, "alpha_value": 0.09502968241066678, "duration": 61.11192560195923, "step": 26750}
{"episode_reward": 142.0, "episode": 108.0, "critic_loss": 73.99179470062256, "jigsaw_loss": -0.2489635488986969, "actor_loss": -162.41051599121093, "alpha_loss": 0.0017889741268008947, "alpha_value": 0.09499224360135193, "duration": 60.97630310058594, "step": 27000}
{"episode_reward": 0.0, "episode": 109.0, "critic_loss": 71.70661363983155, "jigsaw_loss": -0.2504834060668945, "actor_loss": -161.54487463378905, "alpha_loss": 0.004494010154157877, "alpha_value": 0.09480911012282871, "duration": 61.18194556236267, "step": 27250}
{"episode_reward": 8.0, "episode": 110.0, "critic_loss": 59.78785214233398, "jigsaw_loss": -0.25008203864097595, "actor_loss": -160.33013330078126, "alpha_loss": 0.009055384205654264, "alpha_value": 0.09442483340742593, "duration": 60.93816947937012, "step": 27500}
{"episode_reward": 4.0, "episode": 111.0, "critic_loss": 60.525154991149904, "jigsaw_loss": -0.2493864004611969, "actor_loss": -160.53987963867186, "alpha_loss": 0.012510371411219239, "alpha_value": 0.09371025117592774, "duration": 61.49084806442261, "step": 27750}
{"episode_reward": 950.0, "episode": 112.0, "critic_loss": 58.13466500854492, "jigsaw_loss": -0.2499615957736969, "actor_loss": -161.90985815429687, "alpha_loss": 0.01126611876487732, "alpha_value": 0.09296162785432786, "duration": 61.61206650733948, "step": 28000}
{"episode_reward": 0.0, "episode": 113.0, "critic_loss": 66.91159045410156, "jigsaw_loss": -0.2501012446284294, "actor_loss": -162.43408056640624, "alpha_loss": 0.00312657274864614, "alpha_value": 0.09251343129820049, "duration": 61.24174165725708, "step": 28250}
{"episode_reward": 880.0, "episode": 114.0, "critic_loss": 59.28974530029297, "jigsaw_loss": -0.25040821051597595, "actor_loss": -165.62795727539063, "alpha_loss": 0.006112267939373851, "alpha_value": 0.09230702617421464, "duration": 61.31412148475647, "step": 28500}
{"episode_reward": 987.0, "episode": 115.0, "critic_loss": 68.35102333068848, "jigsaw_loss": -0.2499873117208481, "actor_loss": -164.9249111328125, "alpha_loss": 0.008982231706380845, "alpha_value": 0.0918640089056021, "duration": 61.401325941085815, "step": 28750}
{"episode_reward": 8.0, "episode": 116.0, "critic_loss": 70.32028792572021, "jigsaw_loss": -0.25002442103624345, "actor_loss": -166.07292749023438, "alpha_loss": 0.008250665660016239, "alpha_value": 0.09126710078108766, "duration": 61.18770742416382, "step": 29000}
{"episode_reward": 0.0, "episode": 117.0, "critic_loss": 59.804976066589354, "jigsaw_loss": -0.24955078864097596, "actor_loss": -167.3951551513672, "alpha_loss": 0.00929288599640131, "alpha_value": 0.09064561389384793, "duration": 61.57062101364136, "step": 29250}
{"episode_reward": 768.0, "episode": 118.0, "critic_loss": 72.16068438720703, "jigsaw_loss": -0.25033757227659226, "actor_loss": -168.25274072265626, "alpha_loss": 0.007907929787412286, "alpha_value": 0.09017818288635802, "duration": 60.79272127151489, "step": 29500}
{"episode_reward": 299.0, "episode": 119.0, "critic_loss": 66.78356074523926, "jigsaw_loss": -0.25044466912746427, "actor_loss": -168.52467565917968, "alpha_loss": 0.008902074908837676, "alpha_value": 0.08975783614196385, "duration": 60.72584819793701, "step": 29750}
{"episode_reward": 75.0, "episode": 120.0, "critic_loss": 75.71949185180664, "jigsaw_loss": -0.24993848329782486, "actor_loss": -168.15373962402344, "alpha_loss": 0.005701652523130179, "alpha_value": 0.08933406911953905, "duration": 61.47035789489746, "step": 30000}
{"episode_reward": 21.0, "episode": 121.0, "critic_loss": 67.16337658691407, "jigsaw_loss": -0.25016797679662706, "actor_loss": -168.57097094726564, "alpha_loss": 0.005046726871281862, "alpha_value": 0.08900780880810504, "duration": 1086.4417128562927, "step": 30250}
{"episode_reward": 0.0, "episode": 122.0, "critic_loss": 80.43970819091797, "jigsaw_loss": -0.25046647852659226, "actor_loss": -167.72437976074218, "alpha_loss": 0.004964573794975877, "alpha_value": 0.0886012432462695, "duration": 62.14062261581421, "step": 30500}
{"episode_reward": 203.0, "episode": 123.0, "critic_loss": 84.64957792663574, "jigsaw_loss": -0.24977246856689453, "actor_loss": -167.59251171875, "alpha_loss": 0.006019478103145957, "alpha_value": 0.08835166362602297, "duration": 61.934059619903564, "step": 30750}
{"episode_reward": 842.0, "episode": 124.0, "critic_loss": 79.03614833831787, "jigsaw_loss": -0.2506559318304062, "actor_loss": -166.8454090576172, "alpha_loss": -0.00040447370428591965, "alpha_value": 0.08821670858805324, "duration": 61.5832998752594, "step": 31000}
{"episode_reward": 35.0, "episode": 125.0, "critic_loss": 74.24872877502442, "jigsaw_loss": -0.25012696081399916, "actor_loss": -169.44943981933594, "alpha_loss": -0.004698465751484036, "alpha_value": 0.08831161473751287, "duration": 61.756591796875, "step": 31250}
{"episode_reward": 190.0, "episode": 126.0, "critic_loss": 82.03278663635254, "jigsaw_loss": -0.25060254663228987, "actor_loss": -167.39007092285155, "alpha_loss": 0.004755328522995115, "alpha_value": 0.0883530103343705, "duration": 61.78782820701599, "step": 31500}
{"episode_reward": 915.0, "episode": 127.0, "critic_loss": 77.62982904052734, "jigsaw_loss": -0.25066602313518527, "actor_loss": -169.75690612792968, "alpha_loss": -0.0036124317878857256, "alpha_value": 0.08834937191831782, "duration": 61.2521026134491, "step": 31750}
{"episode_reward": 975.0, "episode": 128.0, "critic_loss": 92.48422637939453, "jigsaw_loss": -0.2500039138793945, "actor_loss": -171.78542614746092, "alpha_loss": -0.006184570452198386, "alpha_value": 0.08845617322204741, "duration": 61.47528553009033, "step": 32000}
{"episode_reward": 57.0, "episode": 129.0, "critic_loss": 69.70024099731445, "jigsaw_loss": -0.2504046301245689, "actor_loss": -172.20441101074218, "alpha_loss": -0.0019523275699466467, "alpha_value": 0.08889142123600972, "duration": 61.78661012649536, "step": 32250}
{"episode_reward": 832.0, "episode": 130.0, "critic_loss": 80.78624688720703, "jigsaw_loss": -0.25008008497953416, "actor_loss": -173.18604455566407, "alpha_loss": -0.013943980615586042, "alpha_value": 0.08927651510416777, "duration": 61.38298559188843, "step": 32500}
{"episode_reward": 97.0, "episode": 131.0, "critic_loss": 81.8250287322998, "jigsaw_loss": -0.24929460346698762, "actor_loss": -173.40789721679687, "alpha_loss": -0.01628339342586696, "alpha_value": 0.09033005802995549, "duration": 61.88780927658081, "step": 32750}
{"episode_reward": 326.0, "episode": 132.0, "critic_loss": 86.16551419067383, "jigsaw_loss": -0.2495322338938713, "actor_loss": -173.9540692138672, "alpha_loss": -0.015635974125005305, "alpha_value": 0.09113918462962294, "duration": 61.9535698890686, "step": 33000}
{"episode_reward": 337.0, "episode": 133.0, "critic_loss": 99.75572505187988, "jigsaw_loss": -0.24970768970251084, "actor_loss": -175.54947338867188, "alpha_loss": -0.012468777297064661, "alpha_value": 0.09206673108827101, "duration": 61.306833267211914, "step": 33250}
{"episode_reward": 53.0, "episode": 134.0, "critic_loss": 89.22029304504395, "jigsaw_loss": -0.25028321009874344, "actor_loss": -175.39085681152343, "alpha_loss": -0.004652311902493238, "alpha_value": 0.09255138384202583, "duration": 61.26118326187134, "step": 33500}
{"episode_reward": 916.0, "episode": 135.0, "critic_loss": 87.82542059326173, "jigsaw_loss": -0.25040560686588287, "actor_loss": -178.89219702148438, "alpha_loss": 0.0012490959400311113, "alpha_value": 0.0927683997468167, "duration": 61.529592752456665, "step": 33750}
{"episode_reward": 5.0, "episode": 136.0, "critic_loss": 81.29083581542969, "jigsaw_loss": -0.2501097076535225, "actor_loss": -177.85502502441406, "alpha_loss": 0.0011438053641468287, "alpha_value": 0.09261399334475282, "duration": 64.14143109321594, "step": 34000}
{"episode_reward": 10.0, "episode": 137.0, "critic_loss": 88.62472276306153, "jigsaw_loss": -0.24957585322856904, "actor_loss": -176.89711657714844, "alpha_loss": 0.0002593160588294268, "alpha_value": 0.0926460205143523, "duration": 61.819552183151245, "step": 34250}
{"episode_reward": 347.0, "episode": 138.0, "critic_loss": 86.66675257873536, "jigsaw_loss": -0.25055794942379, "actor_loss": -178.39517822265626, "alpha_loss": -0.0020952263548970223, "alpha_value": 0.09251714299267047, "duration": 61.50096869468689, "step": 34500}
{"episode_reward": 896.0, "episode": 139.0, "critic_loss": 83.50531927490235, "jigsaw_loss": -0.2502692133188248, "actor_loss": -180.01208642578126, "alpha_loss": 0.0007567741069942713, "alpha_value": 0.0926699512456615, "duration": 61.300825357437134, "step": 34750}
{"episode_reward": 968.0, "episode": 140.0, "critic_loss": 77.50743841552735, "jigsaw_loss": -0.24989226019382477, "actor_loss": -181.66050915527345, "alpha_loss": 0.003840704068541527, "alpha_value": 0.09252443592483611, "duration": 62.941858530044556, "step": 35000}
{"episode_reward": 889.0, "episode": 141.0, "critic_loss": 88.97396237182618, "jigsaw_loss": -0.2503092519044876, "actor_loss": -179.892169921875, "alpha_loss": -5.780209694057703e-05, "alpha_value": 0.0923724462736295, "duration": 61.29734396934509, "step": 35250}
{"episode_reward": 0.0, "episode": 142.0, "critic_loss": 107.94182862854004, "jigsaw_loss": -0.25090104937553404, "actor_loss": -180.48291540527345, "alpha_loss": -0.0018935701381415128, "alpha_value": 0.09239498349512934, "duration": 61.17163634300232, "step": 35500}
{"episode_reward": 0.0, "episode": 143.0, "critic_loss": 93.2894729309082, "jigsaw_loss": -0.25020703905820846, "actor_loss": -181.0398271484375, "alpha_loss": 0.008616204774007201, "alpha_value": 0.09230857860807815, "duration": 62.43404674530029, "step": 35750}
{"episode_reward": 0.0, "episode": 144.0, "critic_loss": 85.01763131713867, "jigsaw_loss": -0.24964063143730164, "actor_loss": -180.21272998046874, "alpha_loss": 0.006427927419543266, "alpha_value": 0.09189517544008147, "duration": 61.23681592941284, "step": 36000}
{"episode_reward": 428.0, "episode": 145.0, "critic_loss": 115.03289727783203, "jigsaw_loss": -0.25072071081399916, "actor_loss": -181.03397509765625, "alpha_loss": 0.005626252484507859, "alpha_value": 0.09145324281844655, "duration": 63.98372960090637, "step": 36250}
{"episode_reward": 0.0, "episode": 146.0, "critic_loss": 106.8830117034912, "jigsaw_loss": -0.24944466882944108, "actor_loss": -179.68806188964842, "alpha_loss": -0.0004903956567868591, "alpha_value": 0.09123379249278421, "duration": 61.966145038604736, "step": 36500}
{"episode_reward": 150.0, "episode": 147.0, "critic_loss": 90.59477267456055, "jigsaw_loss": -0.2494681058526039, "actor_loss": -181.31664953613281, "alpha_loss": -0.016505329668521883, "alpha_value": 0.09180236912830055, "duration": 61.565152645111084, "step": 36750}
{"episode_reward": 68.0, "episode": 148.0, "critic_loss": 88.89997158813476, "jigsaw_loss": -0.25037370508909224, "actor_loss": -179.57409924316406, "alpha_loss": -0.005125704627484083, "alpha_value": 0.09244832810636851, "duration": 62.844770193099976, "step": 37000}
{"episode_reward": 0.0, "episode": 149.0, "critic_loss": 86.24680583190919, "jigsaw_loss": -0.24984636181592942, "actor_loss": -179.19330859375, "alpha_loss": -0.001823967752046883, "alpha_value": 0.09267649559924646, "duration": 61.96619629859924, "step": 37250}
{"episode_reward": 473.0, "episode": 150.0, "critic_loss": 107.03751394653321, "jigsaw_loss": -0.2499449939727783, "actor_loss": -181.08850830078126, "alpha_loss": -0.0011380196642130614, "alpha_value": 0.09270200203814731, "duration": 61.10818004608154, "step": 37500}
{"episode_reward": 662.0, "episode": 151.0, "critic_loss": 85.42647262573242, "jigsaw_loss": -0.2498707759976387, "actor_loss": -180.67761560058594, "alpha_loss": -0.003900482550263405, "alpha_value": 0.09292540731490682, "duration": 61.06851506233215, "step": 37750}
{"episode_reward": 988.0, "episode": 152.0, "critic_loss": 87.67568151855468, "jigsaw_loss": -0.24963802790641784, "actor_loss": -182.036466796875, "alpha_loss": -0.002430978488177061, "alpha_value": 0.09308333571119341, "duration": 61.97233772277832, "step": 38000}
{"episode_reward": 894.0, "episode": 153.0, "critic_loss": 93.21346369934082, "jigsaw_loss": -0.25014193469285967, "actor_loss": -181.71112353515625, "alpha_loss": 0.001070331197232008, "alpha_value": 0.09317779660166385, "duration": 61.15389442443848, "step": 38250}
{"episode_reward": 784.0, "episode": 154.0, "critic_loss": 100.85031214904785, "jigsaw_loss": -0.24963867861032485, "actor_loss": -184.73380249023438, "alpha_loss": -0.0004450174905359745, "alpha_value": 0.09314364853674915, "duration": 63.206583738327026, "step": 38500}
{"episode_reward": 892.0, "episode": 155.0, "critic_loss": 104.00540646362305, "jigsaw_loss": -0.24952832740545272, "actor_loss": -185.16650549316407, "alpha_loss": -0.007185057098977268, "alpha_value": 0.09334309630142552, "duration": 61.34936547279358, "step": 38750}
{"episode_reward": 381.0, "episode": 156.0, "critic_loss": 86.22390837097169, "jigsaw_loss": -0.2500794339776039, "actor_loss": -188.2472705078125, "alpha_loss": -0.005122389696538448, "alpha_value": 0.09389999734602714, "duration": 62.60387134552002, "step": 39000}
{"episode_reward": 0.0, "episode": 157.0, "critic_loss": 89.78494007873535, "jigsaw_loss": -0.2504811277985573, "actor_loss": -187.99300939941406, "alpha_loss": -0.0017409910913556814, "alpha_value": 0.09402611517553144, "duration": 61.46919775009155, "step": 39250}
{"episode_reward": 365.0, "episode": 158.0, "critic_loss": 83.03525889587402, "jigsaw_loss": -0.24965202564001082, "actor_loss": -188.19078186035156, "alpha_loss": -0.007442878044210374, "alpha_value": 0.09422036862044153, "duration": 61.521074056625366, "step": 39500}
{"episode_reward": 968.0, "episode": 159.0, "critic_loss": 89.17467932128906, "jigsaw_loss": -0.2494169984459877, "actor_loss": -188.25029846191407, "alpha_loss": -0.008443396233022213, "alpha_value": 0.09477508986995406, "duration": 61.682271242141724, "step": 39750}
{"episode_reward": 88.0, "episode": 160.0, "critic_loss": 99.46355058288574, "jigsaw_loss": -0.25010319805145265, "actor_loss": -187.90637255859374, "alpha_loss": -0.004179503149352968, "alpha_value": 0.09514699671927757, "duration": 61.42728042602539, "step": 40000}
{"episode_reward": 993.0, "episode": 161.0, "critic_loss": 91.04985629272461, "jigsaw_loss": -0.24939193469285964, "actor_loss": -187.62778564453126, "alpha_loss": -0.0010991218220442534, "alpha_value": 0.09535775188538655, "duration": 1095.2061548233032, "step": 40250}
{"episode_reward": 23.0, "episode": 162.0, "critic_loss": 83.54575012207032, "jigsaw_loss": -0.2504069082140922, "actor_loss": -189.51374987792968, "alpha_loss": 0.0034217736832797526, "alpha_value": 0.0952179940837249, "duration": 61.53189396858215, "step": 40500}
{"episode_reward": 151.0, "episode": 163.0, "critic_loss": 102.09225695800781, "jigsaw_loss": -0.24996257245540618, "actor_loss": -187.93015319824218, "alpha_loss": -0.010179720758460463, "alpha_value": 0.0953795594352843, "duration": 61.88440203666687, "step": 40750}
{"episode_reward": 3.0, "episode": 164.0, "critic_loss": 91.6054323272705, "jigsaw_loss": -0.2503890054225922, "actor_loss": -186.84554809570312, "alpha_loss": -0.000848547107540071, "alpha_value": 0.09587738131211664, "duration": 61.05233979225159, "step": 41000}
{"episode_reward": 0.0, "episode": 165.0, "critic_loss": 78.68921459960937, "jigsaw_loss": -0.25032585483789443, "actor_loss": -187.0293175048828, "alpha_loss": 0.0023882917799055575, "alpha_value": 0.09577665359579746, "duration": 60.773603200912476, "step": 41250}
{"episode_reward": 967.0, "episode": 166.0, "critic_loss": 88.36541908264161, "jigsaw_loss": -0.24961231261491776, "actor_loss": -189.14620971679688, "alpha_loss": -0.0029251370392739773, "alpha_value": 0.09571138282649204, "duration": 61.43013072013855, "step": 41500}
{"episode_reward": 963.0, "episode": 167.0, "critic_loss": 79.04429809570313, "jigsaw_loss": -0.2498252026438713, "actor_loss": -190.3719803466797, "alpha_loss": -0.006198193279094994, "alpha_value": 0.09611283683684094, "duration": 62.13897633552551, "step": 41750}
{"episode_reward": 504.0, "episode": 168.0, "critic_loss": 115.56398170471192, "jigsaw_loss": -0.25042025560140607, "actor_loss": -190.85610021972656, "alpha_loss": -0.01020194168575108, "alpha_value": 0.09654194958084712, "duration": 61.28523015975952, "step": 42000}
{"episode_reward": 47.0, "episode": 169.0, "critic_loss": 97.53460696411133, "jigsaw_loss": -0.2498434315919876, "actor_loss": -190.41488134765626, "alpha_loss": -0.005845524499192834, "alpha_value": 0.0972647324022535, "duration": 61.834431171417236, "step": 42250}
{"episode_reward": 3.0, "episode": 170.0, "critic_loss": 134.59808909606934, "jigsaw_loss": -0.2504368572831154, "actor_loss": -189.79659240722657, "alpha_loss": -0.0009235578821972012, "alpha_value": 0.09719791988609845, "duration": 67.51530861854553, "step": 42500}
{"episode_reward": 102.0, "episode": 171.0, "critic_loss": 107.59116497802735, "jigsaw_loss": -0.250206387758255, "actor_loss": -190.03028198242188, "alpha_loss": 0.0024384433925151825, "alpha_value": 0.09714490068827614, "duration": 63.88825297355652, "step": 42750}
{"episode_reward": 808.0, "episode": 172.0, "critic_loss": 118.44264059448243, "jigsaw_loss": -0.24940788501501082, "actor_loss": -192.58507080078124, "alpha_loss": 0.004972870627418161, "alpha_value": 0.09716213021034664, "duration": 62.939966440200806, "step": 43000}
{"episode_reward": 174.0, "episode": 173.0, "critic_loss": 94.28491528320312, "jigsaw_loss": -0.2504287174940109, "actor_loss": -191.67025439453124, "alpha_loss": -0.0003664599033072591, "alpha_value": 0.09690567365336948, "duration": 62.77441096305847, "step": 43250}
{"episode_reward": 796.0, "episode": 174.0, "critic_loss": 93.59942898559571, "jigsaw_loss": -0.24981706482172011, "actor_loss": -193.005244140625, "alpha_loss": 0.007422109106555581, "alpha_value": 0.09665659065213834, "duration": 63.16638112068176, "step": 43500}
{"episode_reward": 859.0, "episode": 175.0, "critic_loss": 90.06878840637206, "jigsaw_loss": -0.2497067134976387, "actor_loss": -193.80149487304686, "alpha_loss": 0.0015992282815277576, "alpha_value": 0.09639075354246968, "duration": 63.476572036743164, "step": 43750}
{"episode_reward": 953.0, "episode": 176.0, "critic_loss": 82.37746739196777, "jigsaw_loss": -0.2499908937215805, "actor_loss": -194.67145092773438, "alpha_loss": 0.004417725421488285, "alpha_value": 0.09613515306042038, "duration": 61.80954670906067, "step": 44000}
{"episode_reward": 909.0, "episode": 177.0, "critic_loss": 104.7386587677002, "jigsaw_loss": -0.2497246167063713, "actor_loss": -196.087271484375, "alpha_loss": 0.007776371672749519, "alpha_value": 0.09580258840656072, "duration": 61.021003007888794, "step": 44250}
{"episode_reward": 950.0, "episode": 178.0, "critic_loss": 103.0232032623291, "jigsaw_loss": -0.24983301490545273, "actor_loss": -196.00886975097657, "alpha_loss": -0.005341438479721546, "alpha_value": 0.09578192838201932, "duration": 61.353827476501465, "step": 44500}
{"episode_reward": 989.0, "episode": 179.0, "critic_loss": 83.27939306640624, "jigsaw_loss": -0.2506315181851387, "actor_loss": -195.82298693847656, "alpha_loss": 0.008838885582983494, "alpha_value": 0.09568533970244829, "duration": 61.31883263587952, "step": 44750}
{"episode_reward": 0.0, "episode": 180.0, "critic_loss": 78.85604020690919, "jigsaw_loss": -0.2489160223007202, "actor_loss": -195.69074487304687, "alpha_loss": 0.00598436339199543, "alpha_value": 0.09517334165264192, "duration": 62.409045457839966, "step": 45000}
{"episode_reward": 682.0, "episode": 181.0, "critic_loss": 99.18319303894043, "jigsaw_loss": -0.24941830223798753, "actor_loss": -198.9463115234375, "alpha_loss": 0.0037283139061182738, "alpha_value": 0.09484335288386567, "duration": 61.15491342544556, "step": 45250}
{"episode_reward": 590.0, "episode": 182.0, "critic_loss": 97.82987145996094, "jigsaw_loss": -0.24971875792741777, "actor_loss": -198.09363610839844, "alpha_loss": 0.010701654412783682, "alpha_value": 0.0943727286386944, "duration": 61.246853828430176, "step": 45500}
{"episode_reward": 987.0, "episode": 183.0, "critic_loss": 104.02833546447754, "jigsaw_loss": -0.2511015700697899, "actor_loss": -198.5611866455078, "alpha_loss": 0.005617766063660383, "alpha_value": 0.0938554361255022, "duration": 61.069093465805054, "step": 45750}
{"episode_reward": 27.0, "episode": 184.0, "critic_loss": 96.42865100097656, "jigsaw_loss": -0.2501041738986969, "actor_loss": -199.0553322753906, "alpha_loss": 0.00195734703913331, "alpha_value": 0.09355532185442884, "duration": 60.84921312332153, "step": 46000}
{"episode_reward": 962.0, "episode": 185.0, "critic_loss": 97.68878248596191, "jigsaw_loss": -0.250102546274662, "actor_loss": -198.8987315673828, "alpha_loss": -0.0013368546552956105, "alpha_value": 0.09375777115336215, "duration": 61.21330428123474, "step": 46250}
{"episode_reward": 0.0, "episode": 186.0, "critic_loss": 78.94514024353028, "jigsaw_loss": -0.25028158277273177, "actor_loss": -199.71317504882813, "alpha_loss": 0.0008754937909543515, "alpha_value": 0.09361585585452263, "duration": 61.50086522102356, "step": 46500}
{"episode_reward": 535.0, "episode": 187.0, "critic_loss": 80.01614807128907, "jigsaw_loss": -0.25000163590908053, "actor_loss": -200.68500708007812, "alpha_loss": 0.005404091039672494, "alpha_value": 0.09347412298137975, "duration": 60.89299726486206, "step": 46750}
{"episode_reward": 786.0, "episode": 188.0, "critic_loss": 80.96881425476074, "jigsaw_loss": -0.2502334054708481, "actor_loss": -202.10057702636718, "alpha_loss": 0.005382786782458425, "alpha_value": 0.09317038307960473, "duration": 61.53864765167236, "step": 47000}
{"episode_reward": 88.0, "episode": 189.0, "critic_loss": 79.98447042846679, "jigsaw_loss": -0.2501230539679527, "actor_loss": -202.93132006835938, "alpha_loss": 0.0015211533922702073, "alpha_value": 0.0929280909099453, "duration": 61.336992025375366, "step": 47250}
{"episode_reward": 56.0, "episode": 190.0, "critic_loss": 79.03239971923828, "jigsaw_loss": -0.24954297637939454, "actor_loss": -200.61849194335937, "alpha_loss": 0.0030511333122849463, "alpha_value": 0.09279022448009372, "duration": 62.95141863822937, "step": 47500}
{"episode_reward": 329.0, "episode": 191.0, "critic_loss": 103.6413839263916, "jigsaw_loss": -0.24894824934005738, "actor_loss": -202.64513745117188, "alpha_loss": -0.001848545097745955, "alpha_value": 0.09266106574250928, "duration": 61.39416766166687, "step": 47750}
{"episode_reward": 47.0, "episode": 192.0, "critic_loss": 97.71009176635742, "jigsaw_loss": -0.25000456541776656, "actor_loss": -202.48026086425782, "alpha_loss": -0.001925239073112607, "alpha_value": 0.09281383620939525, "duration": 61.28758931159973, "step": 48000}
{"episode_reward": 880.0, "episode": 193.0, "critic_loss": 93.25392311096192, "jigsaw_loss": -0.2498424555659294, "actor_loss": -204.0554256591797, "alpha_loss": 0.004825634215027094, "alpha_value": 0.09271609023175478, "duration": 61.43007254600525, "step": 48250}
{"episode_reward": 981.0, "episode": 194.0, "critic_loss": 94.09122621154785, "jigsaw_loss": -0.24925456458330156, "actor_loss": -204.75231127929686, "alpha_loss": -0.0009113125139847398, "alpha_value": 0.09262905455944738, "duration": 61.460407972335815, "step": 48500}
{"episode_reward": 797.0, "episode": 195.0, "critic_loss": 83.07180751037598, "jigsaw_loss": -0.24952865266799926, "actor_loss": -205.40662878417967, "alpha_loss": 0.0011141450302675367, "alpha_value": 0.09264209757042832, "duration": 60.98856043815613, "step": 48750}
{"episode_reward": 71.0, "episode": 196.0, "critic_loss": 91.18759494018555, "jigsaw_loss": -0.25060124415159224, "actor_loss": -206.17474194335938, "alpha_loss": 0.0007144833011552691, "alpha_value": 0.09252312430829346, "duration": 61.12342047691345, "step": 49000}
{"episode_reward": 0.0, "episode": 197.0, "critic_loss": 107.50120379638672, "jigsaw_loss": -0.25018783420324325, "actor_loss": -204.2382791748047, "alpha_loss": -0.010147912710905075, "alpha_value": 0.09290172988263604, "duration": 61.70599913597107, "step": 49250}
{"episode_reward": 22.0, "episode": 198.0, "critic_loss": 109.7314310760498, "jigsaw_loss": -0.2494254625439644, "actor_loss": -205.17730029296874, "alpha_loss": 0.0034621175243519245, "alpha_value": 0.09309970024602207, "duration": 61.04305815696716, "step": 49500}
{"episode_reward": 709.0, "episode": 199.0, "critic_loss": 104.07044918823242, "jigsaw_loss": -0.24977214294672012, "actor_loss": -205.79293591308593, "alpha_loss": -0.00038493728544563053, "alpha_value": 0.09318694769126273, "duration": 61.629491329193115, "step": 49750}
{"episode_reward": 35.0, "episode": 200.0, "critic_loss": 107.418419921875, "jigsaw_loss": -0.25061947405338286, "actor_loss": -204.84229650878908, "alpha_loss": 1.6823317855596543e-06, "alpha_value": 0.09292766741022467, "duration": 60.727434396743774, "step": 50000}
{"episode_reward": 910.0, "episode": 201.0, "critic_loss": 99.65233015441895, "jigsaw_loss": -0.25019369274377823, "actor_loss": -205.9805771484375, "alpha_loss": 0.0050839315205812455, "alpha_value": 0.09286073185631771, "duration": 1073.433916568756, "step": 50250}
{"episode_reward": 0.0, "episode": 202.0, "critic_loss": 131.72986753845214, "jigsaw_loss": -0.24971094405651093, "actor_loss": -205.0091209716797, "alpha_loss": 0.008032136463560165, "alpha_value": 0.09245756052458257, "duration": 60.38613176345825, "step": 50500}
{"episode_reward": 412.0, "episode": 203.0, "critic_loss": 121.1312306060791, "jigsaw_loss": -0.2494882889986038, "actor_loss": -205.58812219238283, "alpha_loss": 0.005954088995233178, "alpha_value": 0.09197890719716462, "duration": 61.44698119163513, "step": 50750}
{"episode_reward": 66.0, "episode": 204.0, "critic_loss": 105.46370515441895, "jigsaw_loss": -0.2494140694141388, "actor_loss": -204.1502130126953, "alpha_loss": -0.0028197843711823224, "alpha_value": 0.09186652690337775, "duration": 61.36033582687378, "step": 51000}
{"episode_reward": 0.0, "episode": 205.0, "critic_loss": 95.91429943847656, "jigsaw_loss": -0.2494798251390457, "actor_loss": -204.30037084960938, "alpha_loss": -0.00012527047283947469, "alpha_value": 0.09200674651033937, "duration": 62.14973163604736, "step": 51250}
{"episode_reward": 0.0, "episode": 206.0, "critic_loss": 120.19645283508301, "jigsaw_loss": -0.2502649813294411, "actor_loss": -204.39321704101562, "alpha_loss": 0.00716779020242393, "alpha_value": 0.09170925219082732, "duration": 62.23877549171448, "step": 51500}
{"episode_reward": 247.0, "episode": 207.0, "critic_loss": 134.0786547241211, "jigsaw_loss": -0.2498209706544876, "actor_loss": -206.48571069335938, "alpha_loss": 0.002145101236179471, "alpha_value": 0.09157671933194575, "duration": 61.384541034698486, "step": 51750}
{"episode_reward": 32.0, "episode": 208.0, "critic_loss": 109.95834492492676, "jigsaw_loss": -0.2499349028468132, "actor_loss": -205.89981335449218, "alpha_loss": 0.00443649085238576, "alpha_value": 0.09126852883792659, "duration": 61.69349908828735, "step": 52000}
{"episode_reward": 669.0, "episode": 209.0, "critic_loss": 111.55179046630859, "jigsaw_loss": -0.250616217315197, "actor_loss": -207.9539001464844, "alpha_loss": 0.008324070169590414, "alpha_value": 0.0909086753063024, "duration": 62.08952593803406, "step": 52250}
{"episode_reward": 164.0, "episode": 210.0, "critic_loss": 102.31424694824219, "jigsaw_loss": -0.25058692264556887, "actor_loss": -207.7994600830078, "alpha_loss": 0.008545348714105784, "alpha_value": 0.0903912570592982, "duration": 61.222238063812256, "step": 52500}
{"episode_reward": 22.0, "episode": 211.0, "critic_loss": 120.05296937561035, "jigsaw_loss": -0.24965886145830155, "actor_loss": -207.05956188964845, "alpha_loss": 0.003777255518361926, "alpha_value": 0.08996115365600023, "duration": 61.56094288825989, "step": 52750}
{"episode_reward": 83.0, "episode": 212.0, "critic_loss": 103.75746792602538, "jigsaw_loss": -0.24965104913711547, "actor_loss": -207.70814489746093, "alpha_loss": -0.005602654644288122, "alpha_value": 0.09007021102741045, "duration": 62.06395983695984, "step": 53000}
{"episode_reward": 809.0, "episode": 213.0, "critic_loss": 104.2344771270752, "jigsaw_loss": -0.25020703828334806, "actor_loss": -206.42868859863282, "alpha_loss": 0.003953162617981434, "alpha_value": 0.09012073114465738, "duration": 61.2590434551239, "step": 53250}
{"episode_reward": 832.0, "episode": 214.0, "critic_loss": 90.02396487426758, "jigsaw_loss": -0.2497321037054062, "actor_loss": -209.58195568847657, "alpha_loss": 0.0021262260247021914, "alpha_value": 0.08994567832242827, "duration": 61.230050802230835, "step": 53500}
{"episode_reward": 0.0, "episode": 215.0, "critic_loss": 97.04447074890136, "jigsaw_loss": -0.24985938286781312, "actor_loss": -209.29361022949217, "alpha_loss": 0.0025591510590165854, "alpha_value": 0.0897596086304087, "duration": 61.671942710876465, "step": 53750}
{"episode_reward": 977.0, "episode": 216.0, "critic_loss": 95.26209162902832, "jigsaw_loss": -0.24980729895830153, "actor_loss": -207.38837268066408, "alpha_loss": 0.0012937418911606073, "alpha_value": 0.08957742579909334, "duration": 61.90387535095215, "step": 54000}
{"episode_reward": 89.0, "episode": 217.0, "critic_loss": 106.255678024292, "jigsaw_loss": -0.24991146564483643, "actor_loss": -207.50877429199218, "alpha_loss": 0.01065738824568689, "alpha_value": 0.08920492756273042, "duration": 61.35458731651306, "step": 54250}
{"episode_reward": 0.0, "episode": 218.0, "critic_loss": 98.06050187683105, "jigsaw_loss": -0.2503304110765457, "actor_loss": -208.96406188964843, "alpha_loss": 0.003818797725252807, "alpha_value": 0.08872682688572289, "duration": 62.87395620346069, "step": 54500}
{"episode_reward": 0.0, "episode": 219.0, "critic_loss": 91.98090715026855, "jigsaw_loss": -0.250073250234127, "actor_loss": -209.30517578125, "alpha_loss": 0.002014067232608795, "alpha_value": 0.08851854141834971, "duration": 61.28571581840515, "step": 54750}
{"episode_reward": 937.0, "episode": 220.0, "critic_loss": 98.5318708190918, "jigsaw_loss": -0.2500465561151505, "actor_loss": -207.55022924804686, "alpha_loss": -0.0018886796105653048, "alpha_value": 0.08857209850145899, "duration": 61.4654381275177, "step": 55000}
{"episode_reward": 935.0, "episode": 221.0, "critic_loss": 134.40575033569337, "jigsaw_loss": -0.24969890093803407, "actor_loss": -208.81884448242187, "alpha_loss": 0.003922988820821047, "alpha_value": 0.0884919618015226, "duration": 61.01881551742554, "step": 55250}
{"episode_reward": 120.0, "episode": 222.0, "critic_loss": 101.94098974609375, "jigsaw_loss": -0.250014656484127, "actor_loss": -207.0359022216797, "alpha_loss": 0.006453709749504924, "alpha_value": 0.08821082578073262, "duration": 61.21643686294556, "step": 55500}
{"episode_reward": 12.0, "episode": 223.0, "critic_loss": 96.08831274414062, "jigsaw_loss": -0.250299487054348, "actor_loss": -209.21349475097657, "alpha_loss": 0.004698233753442764, "alpha_value": 0.08783418171207191, "duration": 61.25140142440796, "step": 55750}
{"episode_reward": 967.0, "episode": 224.0, "critic_loss": 87.61338465881347, "jigsaw_loss": -0.24973959112167357, "actor_loss": -210.18991528320313, "alpha_loss": 0.004102313002571464, "alpha_value": 0.08754596226049549, "duration": 61.18368625640869, "step": 56000}
{"episode_reward": 944.0, "episode": 225.0, "critic_loss": 87.17577140808106, "jigsaw_loss": -0.24905176490545272, "actor_loss": -210.27497094726561, "alpha_loss": 0.009597488357685506, "alpha_value": 0.08711777896297375, "duration": 61.02061581611633, "step": 56250}
{"episode_reward": 847.0, "episode": 226.0, "critic_loss": 89.73439750671386, "jigsaw_loss": -0.2493665430545807, "actor_loss": -210.87761853027342, "alpha_loss": 0.01306514757592231, "alpha_value": 0.08648805328992956, "duration": 61.324037313461304, "step": 56500}
{"episode_reward": 15.0, "episode": 227.0, "critic_loss": 77.92335246276855, "jigsaw_loss": -0.24936914783716202, "actor_loss": -210.22231860351562, "alpha_loss": 0.01266888826712966, "alpha_value": 0.08554435857947967, "duration": 62.05602526664734, "step": 56750}
{"episode_reward": 20.0, "episode": 228.0, "critic_loss": 90.28043998718262, "jigsaw_loss": -0.2504173253774643, "actor_loss": -208.40489562988282, "alpha_loss": 0.013962015172466636, "alpha_value": 0.08482492238717058, "duration": 61.23309063911438, "step": 57000}
{"episode_reward": 468.0, "episode": 229.0, "critic_loss": 88.23370835876464, "jigsaw_loss": -0.2500325599312782, "actor_loss": -207.60496166992186, "alpha_loss": 0.0104384756218642, "alpha_value": 0.08403406046973856, "duration": 62.17970895767212, "step": 57250}
{"episode_reward": 934.0, "episode": 230.0, "critic_loss": 98.09460636901855, "jigsaw_loss": -0.24986393994092942, "actor_loss": -208.9394237060547, "alpha_loss": 0.008410101409070194, "alpha_value": 0.08362033998980388, "duration": 61.03387379646301, "step": 57500}
{"episode_reward": 168.0, "episode": 231.0, "critic_loss": 73.44489558410645, "jigsaw_loss": -0.24929557979106903, "actor_loss": -208.5328096923828, "alpha_loss": 0.006725694978609681, "alpha_value": 0.08311994267991546, "duration": 61.53641939163208, "step": 57750}
{"episode_reward": 54.0, "episode": 232.0, "critic_loss": 90.15389253234864, "jigsaw_loss": -0.2497389394044876, "actor_loss": -207.54708923339842, "alpha_loss": 0.00519188291952014, "alpha_value": 0.08280562742191917, "duration": 61.09727239608765, "step": 58000}
{"episode_reward": 33.0, "episode": 233.0, "critic_loss": 81.92443228149413, "jigsaw_loss": -0.2505507888793945, "actor_loss": -206.82427478027344, "alpha_loss": 0.009985507756471635, "alpha_value": 0.08243725809463365, "duration": 60.70533895492554, "step": 58250}
{"episode_reward": 4.0, "episode": 234.0, "critic_loss": 88.47367736053467, "jigsaw_loss": -0.250329434633255, "actor_loss": -206.4896954345703, "alpha_loss": 0.010125199429690838, "alpha_value": 0.08182030266412159, "duration": 60.78958058357239, "step": 58500}
{"episode_reward": 177.0, "episode": 235.0, "critic_loss": 94.41124099731445, "jigsaw_loss": -0.24982487726211547, "actor_loss": -207.75023107910155, "alpha_loss": 0.011135680871084332, "alpha_value": 0.0812396861001929, "duration": 61.32322573661804, "step": 58750}
{"episode_reward": 949.0, "episode": 236.0, "critic_loss": 92.78832698059082, "jigsaw_loss": -0.2499996817111969, "actor_loss": -207.6191483154297, "alpha_loss": 0.00660994809679687, "alpha_value": 0.08091043945568702, "duration": 61.58144688606262, "step": 59000}
{"episode_reward": 200.0, "episode": 237.0, "critic_loss": 83.29022137451172, "jigsaw_loss": -0.24950098299980164, "actor_loss": -205.6675762939453, "alpha_loss": 0.006915988136082888, "alpha_value": 0.08041301208551556, "duration": 61.50335192680359, "step": 59250}
{"episode_reward": 177.0, "episode": 238.0, "critic_loss": 89.45236196899414, "jigsaw_loss": -0.24940886104106902, "actor_loss": -204.97128051757812, "alpha_loss": 0.007522343778982758, "alpha_value": 0.08007109016768131, "duration": 61.74166703224182, "step": 59500}
{"episode_reward": 183.0, "episode": 239.0, "critic_loss": 109.15763693237305, "jigsaw_loss": -0.2493398510813713, "actor_loss": -205.46379174804687, "alpha_loss": 0.007468400148674846, "alpha_value": 0.07960353407400829, "duration": 62.10538840293884, "step": 59750}
{"episode_reward": 52.0, "episode": 240.0, "critic_loss": 90.21806959533691, "jigsaw_loss": -0.2503955159783363, "actor_loss": -205.82595593261718, "alpha_loss": 0.00953794285096228, "alpha_value": 0.07912043156607161, "duration": 62.449663162231445, "step": 60000}
{"episode_reward": 872.0, "episode": 241.0, "critic_loss": 85.76609162902832, "jigsaw_loss": -0.2502737703919411, "actor_loss": -203.2414638671875, "alpha_loss": 0.013548727981746196, "alpha_value": 0.07862294249376013, "duration": 1078.1005351543427, "step": 60250}
{"episode_reward": 27.0, "episode": 242.0, "critic_loss": 79.91517457580566, "jigsaw_loss": -0.2498925850391388, "actor_loss": -204.17604052734376, "alpha_loss": 0.014332239706069231, "alpha_value": 0.07779632918631359, "duration": 61.26334285736084, "step": 60500}
{"episode_reward": 0.0, "episode": 243.0, "critic_loss": 89.19907846069336, "jigsaw_loss": -0.25026791149377825, "actor_loss": -203.7918671875, "alpha_loss": 0.011527537995018065, "alpha_value": 0.07707556538835586, "duration": 61.517290115356445, "step": 60750}
{"episode_reward": 761.0, "episode": 244.0, "critic_loss": 79.29819013977051, "jigsaw_loss": -0.249597012758255, "actor_loss": -204.16987084960937, "alpha_loss": 0.011564250124618411, "alpha_value": 0.07653580644527161, "duration": 61.28533482551575, "step": 61000}
{"episode_reward": 963.0, "episode": 245.0, "critic_loss": 115.22718174743652, "jigsaw_loss": -0.25010059320926664, "actor_loss": -204.2757619628906, "alpha_loss": 0.011112540194764733, "alpha_value": 0.07600666568180948, "duration": 60.647605657577515, "step": 61250}
{"episode_reward": 0.0, "episode": 246.0, "critic_loss": 92.55578285217285, "jigsaw_loss": -0.24971680462360382, "actor_loss": -205.54746813964843, "alpha_loss": 0.007789637390524149, "alpha_value": 0.0754596247346959, "duration": 61.443679332733154, "step": 61500}
{"episode_reward": 10.0, "episode": 247.0, "critic_loss": 77.51551430511475, "jigsaw_loss": -0.2496087316274643, "actor_loss": -206.94123596191406, "alpha_loss": 0.005548088221810758, "alpha_value": 0.07512277392207978, "duration": 60.826589584350586, "step": 61750}
{"episode_reward": 943.0, "episode": 248.0, "critic_loss": 74.72448818969727, "jigsaw_loss": -0.24928386133909225, "actor_loss": -205.42870910644533, "alpha_loss": 0.006784680174663663, "alpha_value": 0.07478736279655432, "duration": 61.38899493217468, "step": 62000}
{"episode_reward": 984.0, "episode": 249.0, "critic_loss": 74.6075571899414, "jigsaw_loss": -0.2501191482543945, "actor_loss": -206.22676879882812, "alpha_loss": 0.002650791886262596, "alpha_value": 0.07452613154313753, "duration": 61.997995138168335, "step": 62250}
{"episode_reward": 952.0, "episode": 250.0, "critic_loss": 86.93170007324218, "jigsaw_loss": -0.24973731136322022, "actor_loss": -208.0594512939453, "alpha_loss": -0.002844234347343445, "alpha_value": 0.07451783811810594, "duration": 61.673691511154175, "step": 62500}
{"episode_reward": 91.0, "episode": 251.0, "critic_loss": 85.18141629028321, "jigsaw_loss": -0.24960710394382477, "actor_loss": -207.4869061279297, "alpha_loss": 0.003722965117543936, "alpha_value": 0.07457524873568577, "duration": 61.85225987434387, "step": 62750}
{"episode_reward": 709.0, "episode": 252.0, "critic_loss": 89.6739677581787, "jigsaw_loss": -0.24970768982172012, "actor_loss": -208.65385278320312, "alpha_loss": 0.0013663366669788956, "alpha_value": 0.07446094144333054, "duration": 61.70631647109985, "step": 63000}
{"episode_reward": 0.0, "episode": 253.0, "critic_loss": 79.95974705505371, "jigsaw_loss": -0.2503186929225922, "actor_loss": -209.70749987792968, "alpha_loss": -0.0024090990480035543, "alpha_value": 0.07457305018077207, "duration": 61.20597314834595, "step": 63250}
{"episode_reward": 651.0, "episode": 254.0, "critic_loss": 82.71304107666016, "jigsaw_loss": -0.2506295659542084, "actor_loss": -208.70893395996094, "alpha_loss": -0.0021248431894928216, "alpha_value": 0.07456435538942201, "duration": 61.65419960021973, "step": 63500}
{"episode_reward": 871.0, "episode": 255.0, "critic_loss": 81.25423245239257, "jigsaw_loss": -0.24936589241027832, "actor_loss": -211.03311560058594, "alpha_loss": -0.0009233563560992479, "alpha_value": 0.07464092340938987, "duration": 61.503353118896484, "step": 63750}
{"episode_reward": 952.0, "episode": 256.0, "critic_loss": 86.54710137939453, "jigsaw_loss": -0.2502770256400108, "actor_loss": -210.8181904296875, "alpha_loss": 0.002270946778357029, "alpha_value": 0.07469027030207707, "duration": 61.27666211128235, "step": 64000}
{"episode_reward": 161.0, "episode": 257.0, "critic_loss": 91.19431015014648, "jigsaw_loss": -0.2502799549102783, "actor_loss": -208.45551452636718, "alpha_loss": 0.003538975713774562, "alpha_value": 0.07439337790534645, "duration": 61.4390709400177, "step": 64250}
{"episode_reward": 977.0, "episode": 258.0, "critic_loss": 86.0009267578125, "jigsaw_loss": -0.25096452540159225, "actor_loss": -209.61210888671874, "alpha_loss": 0.008327769296243787, "alpha_value": 0.07414275161042752, "duration": 61.13618445396423, "step": 64500}
{"episode_reward": 949.0, "episode": 259.0, "critic_loss": 91.31420338439942, "jigsaw_loss": -0.24931804192066193, "actor_loss": -210.03857348632812, "alpha_loss": 0.006931118968874216, "alpha_value": 0.07374907686486488, "duration": 61.43156147003174, "step": 64750}
{"episode_reward": 369.0, "episode": 260.0, "critic_loss": 84.67383323669434, "jigsaw_loss": -0.2495901769399643, "actor_loss": -209.31613317871094, "alpha_loss": 0.0015246909316629172, "alpha_value": 0.07336882669193619, "duration": 61.513126611709595, "step": 65000}
{"episode_reward": 945.0, "episode": 261.0, "critic_loss": 81.10408160400391, "jigsaw_loss": -0.24965104991197587, "actor_loss": -210.81170251464843, "alpha_loss": -0.0012051561884582043, "alpha_value": 0.0734000801617081, "duration": 61.26808738708496, "step": 65250}
{"episode_reward": 0.0, "episode": 262.0, "critic_loss": 86.37928877258301, "jigsaw_loss": -0.2497373120188713, "actor_loss": -211.3945870361328, "alpha_loss": -0.0005800597919151187, "alpha_value": 0.07351550632210402, "duration": 61.37768220901489, "step": 65500}
{"episode_reward": 26.0, "episode": 263.0, "critic_loss": 86.37778364562988, "jigsaw_loss": -0.2509078857898712, "actor_loss": -209.04914050292967, "alpha_loss": -0.0034255090253427624, "alpha_value": 0.07360746268401984, "duration": 62.225369453430176, "step": 65750}
{"episode_reward": 752.0, "episode": 264.0, "critic_loss": 80.4005313873291, "jigsaw_loss": -0.2494944731593132, "actor_loss": -210.84044104003905, "alpha_loss": -0.0008068848298862576, "alpha_value": 0.07367559801352232, "duration": 61.197935342788696, "step": 66000}
{"episode_reward": 21.0, "episode": 265.0, "critic_loss": 72.78778964996337, "jigsaw_loss": -0.2500130277872086, "actor_loss": -209.28646276855468, "alpha_loss": -0.0017517817504703998, "alpha_value": 0.07381640704678104, "duration": 61.58186197280884, "step": 66250}
{"episode_reward": 9.0, "episode": 266.0, "critic_loss": 71.98365270996094, "jigsaw_loss": -0.2506031973361969, "actor_loss": -209.7422216796875, "alpha_loss": 0.005907427771948278, "alpha_value": 0.07360793361991211, "duration": 61.90797686576843, "step": 66500}
{"episode_reward": 964.0, "episode": 267.0, "critic_loss": 71.89467755126954, "jigsaw_loss": -0.2495761785507202, "actor_loss": -209.058345703125, "alpha_loss": -0.001352903699502349, "alpha_value": 0.0735708603340896, "duration": 61.18746829032898, "step": 66750}
{"episode_reward": 945.0, "episode": 268.0, "critic_loss": 103.02166598510742, "jigsaw_loss": -0.2501862054467201, "actor_loss": -211.42043603515626, "alpha_loss": 0.005536494539119303, "alpha_value": 0.07326000816088668, "duration": 61.1912579536438, "step": 67000}
{"episode_reward": 908.0, "episode": 269.0, "critic_loss": 73.52820512390137, "jigsaw_loss": -0.24995801502466203, "actor_loss": -212.88063598632812, "alpha_loss": -0.0017758193695917726, "alpha_value": 0.07327506895796287, "duration": 61.959579944610596, "step": 67250}
{"episode_reward": 985.0, "episode": 270.0, "critic_loss": 67.47360246276855, "jigsaw_loss": -0.25006934356689453, "actor_loss": -212.05291577148438, "alpha_loss": 0.003216851271688938, "alpha_value": 0.07327855298011123, "duration": 64.48400259017944, "step": 67500}
{"episode_reward": 0.0, "episode": 271.0, "critic_loss": 143.94673095703126, "jigsaw_loss": -0.24955567157268524, "actor_loss": -211.86811950683594, "alpha_loss": 0.0023196578342467547, "alpha_value": 0.07305694767452883, "duration": 61.03317141532898, "step": 67750}
{"episode_reward": 3.0, "episode": 272.0, "critic_loss": 103.71965640258789, "jigsaw_loss": -0.2504355551600456, "actor_loss": -211.5945411376953, "alpha_loss": -0.003139754415489733, "alpha_value": 0.07318917434097456, "duration": 60.88504457473755, "step": 68000}
{"episode_reward": 943.0, "episode": 273.0, "critic_loss": 75.4027691192627, "jigsaw_loss": -0.24909245491027832, "actor_loss": -211.94486950683594, "alpha_loss": 0.0031903718542307617, "alpha_value": 0.07318900711305987, "duration": 61.73488998413086, "step": 68250}
{"episode_reward": 946.0, "episode": 274.0, "critic_loss": 99.84949351501464, "jigsaw_loss": -0.25010645341873167, "actor_loss": -214.11418103027344, "alpha_loss": -0.0008272316018119454, "alpha_value": 0.07293399597113828, "duration": 61.35625219345093, "step": 68500}
{"episode_reward": 57.0, "episode": 275.0, "critic_loss": 102.40576434326172, "jigsaw_loss": -0.24970768964290618, "actor_loss": -213.44323754882814, "alpha_loss": 0.0065740061858668925, "alpha_value": 0.07288908301638174, "duration": 61.481953144073486, "step": 68750}
{"episode_reward": 851.0, "episode": 276.0, "critic_loss": 92.44087663269043, "jigsaw_loss": -0.2494720124602318, "actor_loss": -213.82274096679689, "alpha_loss": 0.003441811186261475, "alpha_value": 0.07254781876983456, "duration": 60.6524121761322, "step": 69000}
{"episode_reward": 5.0, "episode": 277.0, "critic_loss": 81.91811265563965, "jigsaw_loss": -0.2498164131641388, "actor_loss": -212.68860510253907, "alpha_loss": -0.002219264220446348, "alpha_value": 0.07251903626666913, "duration": 60.75840473175049, "step": 69250}
{"episode_reward": 56.0, "episode": 278.0, "critic_loss": 76.75969384765625, "jigsaw_loss": -0.249723639190197, "actor_loss": -210.3489385986328, "alpha_loss": 0.005687100693583489, "alpha_value": 0.07243316138413074, "duration": 62.140830993652344, "step": 69500}
{"episode_reward": 92.0, "episode": 279.0, "critic_loss": 75.44942154693604, "jigsaw_loss": -0.2507194093465805, "actor_loss": -211.29739282226564, "alpha_loss": 0.003926376527175307, "alpha_value": 0.07210072155381769, "duration": 61.49050712585449, "step": 69750}
{"episode_reward": 276.0, "episode": 280.0, "critic_loss": 90.82277764892578, "jigsaw_loss": -0.24933757251501085, "actor_loss": -211.4151368408203, "alpha_loss": 0.004692809114232659, "alpha_value": 0.07189348707547304, "duration": 61.11059880256653, "step": 70000}
{"episode_reward": 0.0, "episode": 281.0, "critic_loss": 97.89513967895508, "jigsaw_loss": -0.2495032623410225, "actor_loss": -211.2240555419922, "alpha_loss": 0.00677960211597383, "alpha_value": 0.07148868894507372, "duration": 1225.8144087791443, "step": 70250}
{"episode_reward": 29.0, "episode": 282.0, "critic_loss": 73.64142446136475, "jigsaw_loss": -0.25008366638422014, "actor_loss": -209.5944501953125, "alpha_loss": 0.006539300294592976, "alpha_value": 0.07118778765690502, "duration": 61.47136735916138, "step": 70500}
{"episode_reward": 40.0, "episode": 283.0, "critic_loss": 73.8993776550293, "jigsaw_loss": -0.24964226049184798, "actor_loss": -211.0654376220703, "alpha_loss": -0.0009094822686165571, "alpha_value": 0.07094713209483403, "duration": 61.59009122848511, "step": 70750}
{"episode_reward": 974.0, "episode": 284.0, "critic_loss": 61.24386793518067, "jigsaw_loss": -0.25045020300149917, "actor_loss": -210.91716552734374, "alpha_loss": 0.0077769809635356065, "alpha_value": 0.07072985727991543, "duration": 62.10066604614258, "step": 71000}
{"episode_reward": 87.0, "episode": 285.0, "critic_loss": 71.04846185302735, "jigsaw_loss": -0.2497900465130806, "actor_loss": -209.9027364501953, "alpha_loss": 0.00913863839302212, "alpha_value": 0.0701995028692741, "duration": 61.327569246292114, "step": 71250}
{"episode_reward": 0.0, "episode": 286.0, "critic_loss": 89.86323497009278, "jigsaw_loss": -0.24986686885356904, "actor_loss": -210.11824731445313, "alpha_loss": 0.00442784530390054, "alpha_value": 0.06981594236531052, "duration": 61.05370330810547, "step": 71500}
{"episode_reward": 6.0, "episode": 287.0, "critic_loss": 81.78054766082764, "jigsaw_loss": -0.2498981199860573, "actor_loss": -209.64757458496095, "alpha_loss": 0.002162360047921538, "alpha_value": 0.06964954017573426, "duration": 61.871111154556274, "step": 71750}
{"episode_reward": 0.0, "episode": 288.0, "critic_loss": 93.84370523071289, "jigsaw_loss": -0.2505260488986969, "actor_loss": -208.5960050048828, "alpha_loss": 7.320046983659268e-05, "alpha_value": 0.06957344487555192, "duration": 61.776691198349, "step": 72000}
{"episode_reward": 980.0, "episode": 289.0, "critic_loss": 86.95203965759278, "jigsaw_loss": -0.24953386074304582, "actor_loss": -210.23735473632811, "alpha_loss": -0.0021070446874946356, "alpha_value": 0.06960542298937436, "duration": 61.3603150844574, "step": 72250}
{"episode_reward": 948.0, "episode": 290.0, "critic_loss": 95.10782577514648, "jigsaw_loss": -0.25036100965738295, "actor_loss": -208.73066137695312, "alpha_loss": -0.004468640441540629, "alpha_value": 0.06986309160086286, "duration": 61.089938163757324, "step": 72500}
{"episode_reward": 249.0, "episode": 291.0, "critic_loss": 84.69998043823242, "jigsaw_loss": -0.25012077564001084, "actor_loss": -209.67543322753906, "alpha_loss": 0.0025978415766730904, "alpha_value": 0.06988461763784934, "duration": 62.118794202804565, "step": 72750}
{"episode_reward": 465.0, "episode": 292.0, "critic_loss": 73.76157493591309, "jigsaw_loss": -0.2494677807688713, "actor_loss": -208.6086287841797, "alpha_loss": 0.0009960537320002913, "alpha_value": 0.06980996230410069, "duration": 62.08398675918579, "step": 73000}
{"episode_reward": 0.0, "episode": 293.0, "critic_loss": 85.63420712280274, "jigsaw_loss": -0.24988119238615036, "actor_loss": -208.70542578125, "alpha_loss": 0.0030959901232272386, "alpha_value": 0.06966370819575819, "duration": 62.81023645401001, "step": 73250}
{"episode_reward": 851.0, "episode": 294.0, "critic_loss": 99.93281759643554, "jigsaw_loss": -0.2501813227534294, "actor_loss": -207.55161694335936, "alpha_loss": 0.0024178155250847337, "alpha_value": 0.06953559907724534, "duration": 61.92099070549011, "step": 73500}
{"episode_reward": 945.0, "episode": 295.0, "critic_loss": 89.28219499206543, "jigsaw_loss": -0.24993099749088288, "actor_loss": -210.2659833984375, "alpha_loss": 0.0036379160210490225, "alpha_value": 0.06928925832646042, "duration": 67.41609120368958, "step": 73750}
{"episode_reward": 0.0, "episode": 296.0, "critic_loss": 76.51065032958985, "jigsaw_loss": -0.24988444793224335, "actor_loss": -208.88927111816406, "alpha_loss": 0.008496532057411969, "alpha_value": 0.06893293119934862, "duration": 61.72913885116577, "step": 74000}
{"episode_reward": 0.0, "episode": 297.0, "critic_loss": 82.36750462341308, "jigsaw_loss": -0.24998373115062714, "actor_loss": -210.15853601074218, "alpha_loss": 0.006801766291260719, "alpha_value": 0.06839729225542221, "duration": 63.1988422870636, "step": 74250}
{"episode_reward": 970.0, "episode": 298.0, "critic_loss": 86.05574655151368, "jigsaw_loss": -0.25011621809005735, "actor_loss": -209.1758897705078, "alpha_loss": 2.9529491439461707e-05, "alpha_value": 0.06815481304828465, "duration": 61.645257234573364, "step": 74500}
{"episode_reward": 744.0, "episode": 299.0, "critic_loss": 78.15605261230469, "jigsaw_loss": -0.24961621886491775, "actor_loss": -208.4999581298828, "alpha_loss": 0.0058314314726740125, "alpha_value": 0.06801510007321374, "duration": 60.787185192108154, "step": 74750}
{"episode_reward": 694.0, "episode": 300.0, "critic_loss": 95.77646424865722, "jigsaw_loss": -0.2498518951535225, "actor_loss": -208.37672192382811, "alpha_loss": 0.0006684241089969874, "alpha_value": 0.0677919882033397, "duration": 61.86867928504944, "step": 75000}
{"episode_reward": 167.0, "episode": 301.0, "critic_loss": 92.19358113098144, "jigsaw_loss": -0.2500065178275108, "actor_loss": -207.23963403320312, "alpha_loss": 0.0011749706165865065, "alpha_value": 0.06776014731680904, "duration": 61.85118532180786, "step": 75250}
{"episode_reward": 0.0, "episode": 302.0, "critic_loss": 89.22424742126465, "jigsaw_loss": -0.2503571046590805, "actor_loss": -208.4361199951172, "alpha_loss": 0.005525240779854357, "alpha_value": 0.06762623683820466, "duration": 61.1787588596344, "step": 75500}
{"episode_reward": 202.0, "episode": 303.0, "critic_loss": 73.4224900970459, "jigsaw_loss": -0.2501927156448364, "actor_loss": -207.4480623779297, "alpha_loss": 0.0038873954890295864, "alpha_value": 0.06727319860660869, "duration": 61.42044377326965, "step": 75750}
{"episode_reward": 874.0, "episode": 304.0, "critic_loss": 62.37341413879395, "jigsaw_loss": -0.24940462970733643, "actor_loss": -208.71556115722657, "alpha_loss": 0.005853244531899691, "alpha_value": 0.0669079497803223, "duration": 61.01359009742737, "step": 76000}
{"episode_reward": 863.0, "episode": 305.0, "critic_loss": 71.56233379364014, "jigsaw_loss": -0.24975130993127823, "actor_loss": -210.1503321533203, "alpha_loss": -0.001721862206235528, "alpha_value": 0.06684569228481509, "duration": 60.991416454315186, "step": 76250}
{"episode_reward": 84.0, "episode": 306.0, "critic_loss": 76.60236566162109, "jigsaw_loss": -0.24977897953987122, "actor_loss": -208.75261071777345, "alpha_loss": 0.0029737359611317514, "alpha_value": 0.06680629741168555, "duration": 61.69944643974304, "step": 76500}
{"episode_reward": 40.0, "episode": 307.0, "critic_loss": 61.2839266204834, "jigsaw_loss": -0.2496403068304062, "actor_loss": -209.8419188232422, "alpha_loss": -0.0032333549875766037, "alpha_value": 0.06679501432026674, "duration": 61.4007613658905, "step": 76750}
{"episode_reward": 281.0, "episode": 308.0, "critic_loss": 86.83969721984863, "jigsaw_loss": -0.2496272857785225, "actor_loss": -208.18994799804688, "alpha_loss": 0.0014312919517979025, "alpha_value": 0.06685685515943468, "duration": 61.687241554260254, "step": 77000}
{"episode_reward": 0.0, "episode": 309.0, "critic_loss": 108.82532249450684, "jigsaw_loss": -0.24969076204299928, "actor_loss": -207.68555139160156, "alpha_loss": -0.003133559805341065, "alpha_value": 0.06695265755149599, "duration": 61.25167179107666, "step": 77250}
{"episode_reward": 3.0, "episode": 310.0, "critic_loss": 92.25386978149415, "jigsaw_loss": -0.24966341841220857, "actor_loss": -206.6781650390625, "alpha_loss": 0.0018960594553500414, "alpha_value": 0.06708048446028844, "duration": 61.759401082992554, "step": 77500}
{"episode_reward": 32.0, "episode": 311.0, "critic_loss": 77.33345053863525, "jigsaw_loss": -0.2495608795285225, "actor_loss": -206.93668176269532, "alpha_loss": 0.0059495605789124965, "alpha_value": 0.06675396406391867, "duration": 61.435383558273315, "step": 77750}
{"episode_reward": 14.0, "episode": 312.0, "critic_loss": 87.72228091430664, "jigsaw_loss": -0.24971582823991775, "actor_loss": -206.9408250732422, "alpha_loss": 0.00635132259875536, "alpha_value": 0.06639513691265912, "duration": 61.140217781066895, "step": 78000}
{"episode_reward": 991.0, "episode": 313.0, "critic_loss": 76.61683020019531, "jigsaw_loss": -0.2502701898217201, "actor_loss": -209.18021337890625, "alpha_loss": 0.002163018428720534, "alpha_value": 0.06603737973987112, "duration": 63.20652723312378, "step": 78250}
{"episode_reward": 0.0, "episode": 314.0, "critic_loss": 66.73399381256104, "jigsaw_loss": -0.24990462964773177, "actor_loss": -208.25943200683594, "alpha_loss": -0.004958903686143458, "alpha_value": 0.06616466966753118, "duration": 61.9324426651001, "step": 78500}
{"episode_reward": 692.0, "episode": 315.0, "critic_loss": 85.3719303894043, "jigsaw_loss": -0.2502770267724991, "actor_loss": -207.53839477539063, "alpha_loss": -0.0035224986700341104, "alpha_value": 0.06642726609880946, "duration": 61.834084033966064, "step": 78750}
{"episode_reward": 25.0, "episode": 316.0, "critic_loss": 87.35625547790528, "jigsaw_loss": -0.25001595813035965, "actor_loss": -208.68331579589844, "alpha_loss": -0.004137573901563883, "alpha_value": 0.06674024703765954, "duration": 61.56995224952698, "step": 79000}
{"episode_reward": 640.0, "episode": 317.0, "critic_loss": 86.5949800567627, "jigsaw_loss": -0.24993653053045273, "actor_loss": -208.92589147949218, "alpha_loss": -0.00023682657163590193, "alpha_value": 0.0667909665433032, "duration": 61.02662229537964, "step": 79250}
{"episode_reward": 498.0, "episode": 318.0, "critic_loss": 94.35397421264648, "jigsaw_loss": -0.2504873120188713, "actor_loss": -207.29465368652345, "alpha_loss": -0.0005280142920091748, "alpha_value": 0.06689785984546524, "duration": 61.66318225860596, "step": 79500}
{"episode_reward": 942.0, "episode": 319.0, "critic_loss": 90.71935107421875, "jigsaw_loss": -0.2492906973361969, "actor_loss": -207.20704284667968, "alpha_loss": 0.0024042518343776464, "alpha_value": 0.06681354276445818, "duration": 61.64138889312744, "step": 79750}
{"episode_reward": 0.0, "episode": 320.0, "critic_loss": 114.72373779296875, "jigsaw_loss": -0.25026140064001084, "actor_loss": -208.45926428222657, "alpha_loss": 0.00122081702016294, "alpha_value": 0.06667602881784597, "duration": 61.20363903045654, "step": 80000}
{"episode_reward": 11.0, "episode": 321.0, "critic_loss": 139.96271656799317, "jigsaw_loss": -0.24969499343633653, "actor_loss": -208.77568139648437, "alpha_loss": -0.0031006528679281475, "alpha_value": 0.06667703023225531, "duration": 1081.631864309311, "step": 80250}
{"episode_reward": 359.0, "episode": 322.0, "critic_loss": 100.33553157043457, "jigsaw_loss": -0.25021940809488297, "actor_loss": -207.19385400390624, "alpha_loss": -0.007974738266319037, "alpha_value": 0.06695905904510761, "duration": 62.92892789840698, "step": 80500}
{"episode_reward": 53.0, "episode": 323.0, "critic_loss": 90.577281539917, "jigsaw_loss": -0.24925912195444108, "actor_loss": -208.56003930664062, "alpha_loss": -0.005875384896062315, "alpha_value": 0.0675364701871207, "duration": 64.33469557762146, "step": 80750}
{"episode_reward": 954.0, "episode": 324.0, "critic_loss": 120.28078894042969, "jigsaw_loss": -0.2490423253774643, "actor_loss": -208.0295811767578, "alpha_loss": -0.00394976818561554, "alpha_value": 0.06780419110702522, "duration": 61.10415196418762, "step": 81000}
{"episode_reward": 956.0, "episode": 325.0, "critic_loss": 93.58630706787109, "jigsaw_loss": -0.2502148514389992, "actor_loss": -207.95474755859374, "alpha_loss": -0.00657771641202271, "alpha_value": 0.06809467407293186, "duration": 63.1105375289917, "step": 81250}
{"episode_reward": 72.0, "episode": 326.0, "critic_loss": 94.04277021789551, "jigsaw_loss": -0.24949349683523178, "actor_loss": -207.38289135742187, "alpha_loss": -0.006119809466414153, "alpha_value": 0.06842579858769522, "duration": 64.68907475471497, "step": 81500}
{"episode_reward": 860.0, "episode": 327.0, "critic_loss": 91.9056195678711, "jigsaw_loss": -0.25064616578817367, "actor_loss": -206.788353515625, "alpha_loss": -0.0062006934136152264, "alpha_value": 0.0688471457554142, "duration": 62.119494915008545, "step": 81750}
{"episode_reward": 0.0, "episode": 328.0, "critic_loss": 82.72720817565919, "jigsaw_loss": -0.24951953828334808, "actor_loss": -207.6457891845703, "alpha_loss": -0.005949211054481566, "alpha_value": 0.0692822331913852, "duration": 61.2018678188324, "step": 82000}
{"episode_reward": 717.0, "episode": 329.0, "critic_loss": 94.58125433349609, "jigsaw_loss": -0.2501530027985573, "actor_loss": -206.45822875976563, "alpha_loss": -0.01068648383859545, "alpha_value": 0.06979564663996926, "duration": 60.99996590614319, "step": 82250}
{"episode_reward": 94.0, "episode": 330.0, "critic_loss": 83.51776708221436, "jigsaw_loss": -0.2497607496380806, "actor_loss": -207.59727465820313, "alpha_loss": -0.006213771693408489, "alpha_value": 0.07020055564829769, "duration": 61.35577940940857, "step": 82500}
{"episode_reward": 18.0, "episode": 331.0, "critic_loss": 94.20415447235108, "jigsaw_loss": -0.2505592526197433, "actor_loss": -208.29683972167967, "alpha_loss": -0.010491283243522049, "alpha_value": 0.07079770911645687, "duration": 61.212929248809814, "step": 82750}
{"episode_reward": 23.0, "episode": 332.0, "critic_loss": 89.51502975463868, "jigsaw_loss": -0.24961459058523178, "actor_loss": -208.04415942382812, "alpha_loss": -0.010770944794639945, "alpha_value": 0.07138590273425532, "duration": 62.07164669036865, "step": 83000}
{"episode_reward": 379.0, "episode": 333.0, "critic_loss": 102.09022465515137, "jigsaw_loss": -0.249958991587162, "actor_loss": -210.28866870117187, "alpha_loss": -0.010951461595483124, "alpha_value": 0.07203683453034636, "duration": 61.28823900222778, "step": 83250}
{"episode_reward": 928.0, "episode": 334.0, "critic_loss": 107.3336388092041, "jigsaw_loss": -0.25005860143899916, "actor_loss": -208.5268604736328, "alpha_loss": -0.01576151235587895, "alpha_value": 0.07294145480180916, "duration": 62.31453323364258, "step": 83500}
{"episode_reward": 80.0, "episode": 335.0, "critic_loss": 93.11797953033447, "jigsaw_loss": -0.2495778065919876, "actor_loss": -208.08907299804687, "alpha_loss": -0.014166847719810903, "alpha_value": 0.07360642954982487, "duration": 61.98012614250183, "step": 83750}
{"episode_reward": 123.0, "episode": 336.0, "critic_loss": 103.65567807006836, "jigsaw_loss": -0.2500312577486038, "actor_loss": -205.9306241455078, "alpha_loss": -0.008379442369565367, "alpha_value": 0.07429659026445501, "duration": 61.95040202140808, "step": 84000}
{"episode_reward": 18.0, "episode": 337.0, "critic_loss": 124.38427610778808, "jigsaw_loss": -0.24985319763422012, "actor_loss": -208.96743273925782, "alpha_loss": -0.010113530673086643, "alpha_value": 0.07477773771135973, "duration": 61.69548678398132, "step": 84250}
{"episode_reward": 829.0, "episode": 338.0, "critic_loss": 92.6580775604248, "jigsaw_loss": -0.2496780667901039, "actor_loss": -208.4018605957031, "alpha_loss": -0.003121038470417261, "alpha_value": 0.07507584068074383, "duration": 61.753130197525024, "step": 84500}
{"episode_reward": 973.0, "episode": 339.0, "critic_loss": 94.96055152893067, "jigsaw_loss": -0.2504137446284294, "actor_loss": -209.3572276611328, "alpha_loss": -0.0018616087920963764, "alpha_value": 0.07518573087873504, "duration": 61.45014667510986, "step": 84750}
{"episode_reward": 976.0, "episode": 340.0, "critic_loss": 97.27801539611816, "jigsaw_loss": -0.24933171373605728, "actor_loss": -209.31911108398438, "alpha_loss": -0.006312429448589682, "alpha_value": 0.07551321801959132, "duration": 62.31411147117615, "step": 85000}
{"episode_reward": 81.0, "episode": 341.0, "critic_loss": 91.13240328979492, "jigsaw_loss": -0.24912337988615035, "actor_loss": -209.29400134277344, "alpha_loss": -0.000759631154127419, "alpha_value": 0.0757023420771928, "duration": 62.331820249557495, "step": 85250}
{"episode_reward": 215.0, "episode": 342.0, "critic_loss": 91.65852508544921, "jigsaw_loss": -0.2502392657995224, "actor_loss": -205.64519494628905, "alpha_loss": -0.0002863269932568073, "alpha_value": 0.07576101887190559, "duration": 61.69706606864929, "step": 85500}
